Using pre-set license
Built from '2020.3/staging' branch; Version is '2020.3.17f1 (a4537701e4ab) revision 10769271'; Using compiler version '192528614'; Build Type 'Release'
OS: 'Windows 10 Pro; OS build 19042.1165; Version 2009; 64bit' Language: 'ru' Physical Memory: 8039 MB
BatchMode: 1, IsHumanControllingUs: 0, StartBugReporterOnCrash: 0, Is64bit: 1, IsPro: 0

COMMAND LINE ARGUMENTS:
C:\Program Files\Unity\Hub\Editor\2020.3.17f1\Editor\Unity.exe
-adb2
-batchMode
-noUpm
-name
AssetImportWorker1
-projectPath
I:/Unity/Projects/2dPlatformer
-logFile
Logs/AssetImportWorker1.log
-srvPort
61755
Successfully changed project path to: I:/Unity/Projects/2dPlatformer
I:/Unity/Projects/2dPlatformer
Using Asset Import Pipeline V2.
Refreshing native plugins compatible for Editor in 46.39 ms, found 3 plugins.
Preloading 0 native plugins for Editor in 0.00 ms.
Initialize engine version: 2020.3.17f1 (a4537701e4ab)
[Subsystems] Discovering subsystems at path C:/Program Files/Unity/Hub/Editor/2020.3.17f1/Editor/Data/Resources/UnitySubsystems
[Subsystems] Discovering subsystems at path I:/Unity/Projects/2dPlatformer/Assets
GfxDevice: creating device client; threaded=0
Direct3D:
    Version:  Direct3D 11.0 [level 11.1]
    Renderer: NVIDIA GeForce MX230 (ID=0x1d11)
    Vendor:   
    VRAM:     1984 MB
    Driver:   26.21.14.4141
Initialize mono
Mono path[0] = 'C:/Program Files/Unity/Hub/Editor/2020.3.17f1/Editor/Data/Managed'
Mono path[1] = 'C:/Program Files/Unity/Hub/Editor/2020.3.17f1/Editor/Data/MonoBleedingEdge/lib/mono/unityjit'
Mono config path = 'C:/Program Files/Unity/Hub/Editor/2020.3.17f1/Editor/Data/MonoBleedingEdge/etc'
Using monoOptions --debugger-agent=transport=dt_socket,embedding=1,server=y,suspend=n,address=127.0.0.1:56692
Begin MonoManager ReloadAssembly
Registering precompiled unity dll's ...
Register platform support module: C:/Program Files/Unity/Hub/Editor/2020.3.17f1/Editor/Data/PlaybackEngines/WindowsStandaloneSupport/UnityEditor.WindowsStandalone.Extensions.dll
Registered in 0.001963 seconds.
Native extension for WindowsStandalone target not found
Refreshing native plugins compatible for Editor in 48.35 ms, found 3 plugins.
Preloading 0 native plugins for Editor in 0.00 ms.
Mono: successfully reloaded assembly
- Completed reload, in 17.412 seconds
Domain Reload Profiling:
	ReloadAssembly (17413ms)
		BeginReloadAssembly (54ms)
			ExecutionOrderSort (0ms)
			DisableScriptedObjects (0ms)
			BackupInstance (0ms)
			ReleaseScriptingObjects (0ms)
			CreateAndSetChildDomain (1ms)
		EndReloadAssembly (472ms)
			LoadAssemblies (51ms)
			RebuildTransferFunctionScriptingTraits (0ms)
			SetupTypeCache (156ms)
			ReleaseScriptCaches (0ms)
			RebuildScriptCaches (34ms)
			SetupLoadedEditorAssemblies (211ms)
				LogAssemblyErrors (0ms)
				InitializePlatformSupportModulesInManaged (4ms)
				SetLoadedEditorAssemblies (0ms)
				RefreshPlugins (48ms)
				BeforeProcessingInitializeOnLoad (17ms)
				ProcessInitializeOnLoadAttributes (80ms)
				ProcessInitializeOnLoadMethodAttributes (61ms)
				AfterProcessingInitializeOnLoad (0ms)
				EditorAssembliesLoaded (0ms)
			ExecutionOrderSort2 (0ms)
			AwakeInstancesAfterBackupRestoration (0ms)
Platform modules already initialized, skipping
Registering precompiled user dll's ...
Registered in 0.002578 seconds.
Begin MonoManager ReloadAssembly
Native extension for WindowsStandalone target not found
Refreshing native plugins compatible for Editor in 50.09 ms, found 3 plugins.
Preloading 0 native plugins for Editor in 0.00 ms.
Mono: successfully reloaded assembly
- Completed reload, in  1.343 seconds
Domain Reload Profiling:
	ReloadAssembly (1344ms)
		BeginReloadAssembly (146ms)
			ExecutionOrderSort (0ms)
			DisableScriptedObjects (5ms)
			BackupInstance (0ms)
			ReleaseScriptingObjects (0ms)
			CreateAndSetChildDomain (19ms)
		EndReloadAssembly (1128ms)
			LoadAssemblies (83ms)
			RebuildTransferFunctionScriptingTraits (0ms)
			SetupTypeCache (299ms)
			ReleaseScriptCaches (0ms)
			RebuildScriptCaches (48ms)
			SetupLoadedEditorAssemblies (571ms)
				LogAssemblyErrors (0ms)
				InitializePlatformSupportModulesInManaged (4ms)
				SetLoadedEditorAssemblies (0ms)
				RefreshPlugins (50ms)
				BeforeProcessingInitializeOnLoad (81ms)
				ProcessInitializeOnLoadAttributes (416ms)
				ProcessInitializeOnLoadMethodAttributes (12ms)
				AfterProcessingInitializeOnLoad (6ms)
				EditorAssembliesLoaded (0ms)
			ExecutionOrderSort2 (0ms)
			AwakeInstancesAfterBackupRestoration (6ms)
Platform modules already initialized, skipping
========================================================================
Worker process is ready to serve import requests
Launched and connected shader compiler UnityShaderCompiler.exe after 0.17 seconds
Refreshing native plugins compatible for Editor in 0.52 ms, found 3 plugins.
Preloading 0 native plugins for Editor in 0.00 ms.
Unloading 2118 Unused Serialized files (Serialized files now loaded: 0)
System memory in use before: 95.7 MB.
System memory in use after: 95.7 MB.

Unloading 28 unused Assets to reduce memory usage. Loaded Objects now: 2556.
Total: 3.414900 ms (FindLiveObjects: 0.298800 ms CreateObjectMapping: 0.090600 ms MarkObjects: 2.904500 ms  DeleteObjects: 0.120000 ms)

AssetImportParameters requested are different than current active one (requested -> active):
  custom:framework-win-MediaFoundation: 216162199b28c13a410421893ffa2e32 -> 
  custom:video-decoder-ogg-theora: a1e56fd34408186e4bbccfd4996cb3dc -> 
  custom:container-muxer-webm: aa71ff27fc2769a1b78a27578f13a17b -> 
  custom:container-demuxer-webm: 4f35f7cbe854078d1ac9338744f61a02 -> 
  custom:container-demuxer-ogg: 62fdf1f143b41e24485cea50d1cbac27 -> 
  custom:video-encoder-webm-vp8: eb34c28f22e8b96e1ab97ce403110664 -> 
  custom:video-decoder-webm-vp8: 9c59270c3fd7afecdb556c50c9e8de78 -> 
  custom:audio-decoder-ogg-vorbis: bf7c407c2cedff20999df2af8eb42d56 -> 
  custom:audio-encoder-webm-vorbis: bf7c407c2cedff20999df2af8eb42d56 -> 
========================================================================
Received Import Request.
  path: Assets/Prefabs/Player.prefab
  artifactKey: Guid(4df23b907d2febf45a01b69d9606697a) Importer(815301076,1909f56bfc062723c751e8b465ee728b)
Start importing Assets/Prefabs/Player.prefab using Guid(4df23b907d2febf45a01b69d9606697a) Importer(815301076,1909f56bfc062723c751e8b465ee728b)  -> (artifact id: '12eb13ee081eb90edb7f2d43eb117a1e') in 0.203730 seconds 
  Import took 0.226682 seconds .

========================================================================
Received Import Request.
  Time since last request: 15.343200 seconds.
  path: Assets/Prefabs/Player.prefab
  artifactKey: Guid(4df23b907d2febf45a01b69d9606697a) Importer(815301076,1909f56bfc062723c751e8b465ee728b)
Start importing Assets/Prefabs/Player.prefab using Guid(4df23b907d2febf45a01b69d9606697a) Importer(815301076,1909f56bfc062723c751e8b465ee728b)  -> (artifact id: '18ced18286201cf97a698b16eb35245c') in 0.103673 seconds 
  Import took 0.108774 seconds .

========================================================================
Received Import Request.
  Time since last request: 0.016788 seconds.
  path: Assets/Prefabs/Player.prefab
  artifactKey: Guid(4df23b907d2febf45a01b69d9606697a) Importer(815301076,1909f56bfc062723c751e8b465ee728b)
Start importing Assets/Prefabs/Player.prefab using Guid(4df23b907d2febf45a01b69d9606697a) Importer(815301076,1909f56bfc062723c751e8b465ee728b)  -> (artifact id: '18ced18286201cf97a698b16eb35245c') in 0.042563 seconds 
  Import took 0.046871 seconds .

========================================================================
Received Import Request.
  Time since last request: 13.349357 seconds.
  path: Assets/Prefabs/Player.prefab
  artifactKey: Guid(4df23b907d2febf45a01b69d9606697a) Importer(815301076,1909f56bfc062723c751e8b465ee728b)
Start importing Assets/Prefabs/Player.prefab using Guid(4df23b907d2febf45a01b69d9606697a) Importer(815301076,1909f56bfc062723c751e8b465ee728b)  -> (artifact id: '58b6956b84152217d917748eb7ed313c') in 0.036387 seconds 
  Import took 0.048487 seconds .

========================================================================
Received Import Request.
  Time since last request: 5.145983 seconds.
  path: Assets/Prefabs/Player.prefab
  artifactKey: Guid(4df23b907d2febf45a01b69d9606697a) Importer(815301076,1909f56bfc062723c751e8b465ee728b)
Start importing Assets/Prefabs/Player.prefab using Guid(4df23b907d2febf45a01b69d9606697a) Importer(815301076,1909f56bfc062723c751e8b465ee728b)  -> (artifact id: '1d407927a13f2a6ed4766b89c8bd2176') in 0.042008 seconds 
  Import took 0.114277 seconds .

========================================================================
Received Import Request.
  Time since last request: 3.878400 seconds.
  path: Assets/Prefabs/Player.prefab
  artifactKey: Guid(4df23b907d2febf45a01b69d9606697a) Importer(815301076,1909f56bfc062723c751e8b465ee728b)
Start importing Assets/Prefabs/Player.prefab using Guid(4df23b907d2febf45a01b69d9606697a) Importer(815301076,1909f56bfc062723c751e8b465ee728b)  -> (artifact id: '784d22257052c009cfb56ff2a70014ba') in 0.034807 seconds 
  Import took 0.057775 seconds .

========================================================================
Received Import Request.
  Time since last request: 1.491614 seconds.
  path: Assets/Prefabs/Player.prefab
  artifactKey: Guid(4df23b907d2febf45a01b69d9606697a) Importer(815301076,1909f56bfc062723c751e8b465ee728b)
Start importing Assets/Prefabs/Player.prefab using Guid(4df23b907d2febf45a01b69d9606697a) Importer(815301076,1909f56bfc062723c751e8b465ee728b)  -> (artifact id: '9559385fce39c1ca2a555ac09099a0c6') in 0.035244 seconds 
  Import took 0.056981 seconds .

========================================================================
Received Import Request.
  Time since last request: 1.265016 seconds.
  path: Assets/Prefabs/Player.prefab
  artifactKey: Guid(4df23b907d2febf45a01b69d9606697a) Importer(815301076,1909f56bfc062723c751e8b465ee728b)
Start importing Assets/Prefabs/Player.prefab using Guid(4df23b907d2febf45a01b69d9606697a) Importer(815301076,1909f56bfc062723c751e8b465ee728b)  -> (artifact id: '89113d212f7d7b5ea753ce1c485904b3') in 0.035414 seconds 
  Import took 0.040193 seconds .

========================================================================
Received Import Request.
  Time since last request: 1.802440 seconds.
  path: Assets/Prefabs/Player.prefab
  artifactKey: Guid(4df23b907d2febf45a01b69d9606697a) Importer(815301076,1909f56bfc062723c751e8b465ee728b)
Start importing Assets/Prefabs/Player.prefab using Guid(4df23b907d2febf45a01b69d9606697a) Importer(815301076,1909f56bfc062723c751e8b465ee728b)  -> (artifact id: '9a0627d9604505984f252c2d5c5a1c18') in 0.040701 seconds 
  Import took 0.065952 seconds .

========================================================================
Received Import Request.
  Time since last request: 3.723151 seconds.
  path: Assets/Prefabs/Player.prefab
  artifactKey: Guid(4df23b907d2febf45a01b69d9606697a) Importer(815301076,1909f56bfc062723c751e8b465ee728b)
Start importing Assets/Prefabs/Player.prefab using Guid(4df23b907d2febf45a01b69d9606697a) Importer(815301076,1909f56bfc062723c751e8b465ee728b)  -> (artifact id: 'd4a85295367138778c04d5a1996c3c6f') in 0.038886 seconds 
  Import took 0.062073 seconds .

========================================================================
Received Import Request.
  Time since last request: 8.069643 seconds.
  path: Assets/Prefabs/Player.prefab
  artifactKey: Guid(4df23b907d2febf45a01b69d9606697a) Importer(815301076,1909f56bfc062723c751e8b465ee728b)
Start importing Assets/Prefabs/Player.prefab using Guid(4df23b907d2febf45a01b69d9606697a) Importer(815301076,1909f56bfc062723c751e8b465ee728b)  -> (artifact id: '2e747c692d05f158781669d9fb19ce98') in 0.039870 seconds 
  Import took 0.066840 seconds .

========================================================================
Received Import Request.
  Time since last request: 11.783372 seconds.
  path: Assets/Prefabs/Player.prefab
  artifactKey: Guid(4df23b907d2febf45a01b69d9606697a) Importer(815301076,1909f56bfc062723c751e8b465ee728b)
Start importing Assets/Prefabs/Player.prefab using Guid(4df23b907d2febf45a01b69d9606697a) Importer(815301076,1909f56bfc062723c751e8b465ee728b)  -> (artifact id: 'be7f3ee9a97d641b09822f9664421e2e') in 0.042059 seconds 
  Import took 0.046187 seconds .

========================================================================
Received Import Request.
  Time since last request: 6.443247 seconds.
  path: Assets/Prefabs/Player.prefab
  artifactKey: Guid(4df23b907d2febf45a01b69d9606697a) Importer(815301076,1909f56bfc062723c751e8b465ee728b)
Start importing Assets/Prefabs/Player.prefab using Guid(4df23b907d2febf45a01b69d9606697a) Importer(815301076,1909f56bfc062723c751e8b465ee728b)  -> (artifact id: 'fb491b10a96fde9ddbf86bea98dec160') in 0.040200 seconds 
  Import took 0.052645 seconds .

========================================================================
Received Prepare
Registering precompiled user dll's ...
Registered in 0.002912 seconds.
Begin MonoManager ReloadAssembly
Native extension for WindowsStandalone target not found
Refreshing native plugins compatible for Editor in 0.52 ms, found 3 plugins.
Preloading 0 native plugins for Editor in 0.00 ms.
Mono: successfully reloaded assembly
- Completed reload, in  1.184 seconds
Domain Reload Profiling:
	ReloadAssembly (1184ms)
		BeginReloadAssembly (117ms)
			ExecutionOrderSort (0ms)
			DisableScriptedObjects (6ms)
			BackupInstance (0ms)
			ReleaseScriptingObjects (0ms)
			CreateAndSetChildDomain (37ms)
		EndReloadAssembly (1003ms)
			LoadAssemblies (90ms)
			RebuildTransferFunctionScriptingTraits (0ms)
			SetupTypeCache (312ms)
			ReleaseScriptCaches (1ms)
			RebuildScriptCaches (49ms)
			SetupLoadedEditorAssemblies (446ms)
				LogAssemblyErrors (0ms)
				InitializePlatformSupportModulesInManaged (5ms)
				SetLoadedEditorAssemblies (0ms)
				RefreshPlugins (1ms)
				BeforeProcessingInitializeOnLoad (80ms)
				ProcessInitializeOnLoadAttributes (349ms)
				ProcessInitializeOnLoadMethodAttributes (6ms)
				AfterProcessingInitializeOnLoad (6ms)
				EditorAssembliesLoaded (0ms)
			ExecutionOrderSort2 (0ms)
			AwakeInstancesAfterBackupRestoration (11ms)
Platform modules already initialized, skipping
Refreshing native plugins compatible for Editor in 0.54 ms, found 3 plugins.
Preloading 0 native plugins for Editor in 0.00 ms.
Unloading 2095 Unused Serialized files (Serialized files now loaded: 0)
System memory in use before: 96.9 MB.
System memory in use after: 97.0 MB.

Unloading 19 unused Assets to reduce memory usage. Loaded Objects now: 2566.
Total: 3.421100 ms (FindLiveObjects: 0.228300 ms CreateObjectMapping: 0.079800 ms MarkObjects: 3.080500 ms  DeleteObjects: 0.031500 ms)

AssetImportParameters requested are different than current active one (requested -> active):
  custom:framework-win-MediaFoundation: 216162199b28c13a410421893ffa2e32 -> 
  custom:video-decoder-ogg-theora: a1e56fd34408186e4bbccfd4996cb3dc -> 
  custom:container-muxer-webm: aa71ff27fc2769a1b78a27578f13a17b -> 
  custom:container-demuxer-webm: 4f35f7cbe854078d1ac9338744f61a02 -> 
  custom:container-demuxer-ogg: 62fdf1f143b41e24485cea50d1cbac27 -> 
  custom:video-encoder-webm-vp8: eb34c28f22e8b96e1ab97ce403110664 -> 
  custom:video-decoder-webm-vp8: 9c59270c3fd7afecdb556c50c9e8de78 -> 
  custom:audio-decoder-ogg-vorbis: bf7c407c2cedff20999df2af8eb42d56 -> 
  custom:audio-encoder-webm-vorbis: bf7c407c2cedff20999df2af8eb42d56 -> 
========================================================================
Received Import Request.
  Time since last request: 45.566367 seconds.
  path: Assets/Prefabs/Player.prefab
  artifactKey: Guid(4df23b907d2febf45a01b69d9606697a) Importer(815301076,1909f56bfc062723c751e8b465ee728b)
Start importing Assets/Prefabs/Player.prefab using Guid(4df23b907d2febf45a01b69d9606697a) Importer(815301076,1909f56bfc062723c751e8b465ee728b)  -> (artifact id: '0470d4bfb542940df7ac21d286bcbcaf') in 0.117623 seconds 
  Import took 0.189045 seconds .

========================================================================
Received Import Request.
  Time since last request: 1.711195 seconds.
  path: Assets/Prefabs/Player.prefab
  artifactKey: Guid(4df23b907d2febf45a01b69d9606697a) Importer(815301076,1909f56bfc062723c751e8b465ee728b)
Start importing Assets/Prefabs/Player.prefab using Guid(4df23b907d2febf45a01b69d9606697a) Importer(815301076,1909f56bfc062723c751e8b465ee728b)  -> (artifact id: '6e120c02c290b18f7d333d103cdc6168') in 0.053711 seconds 
  Import took 0.058765 seconds .

========================================================================
Received Import Request.
  Time since last request: 10.446831 seconds.
  path: Assets/Prefabs/Player.prefab
  artifactKey: Guid(4df23b907d2febf45a01b69d9606697a) Importer(815301076,1909f56bfc062723c751e8b465ee728b)
Start importing Assets/Prefabs/Player.prefab using Guid(4df23b907d2febf45a01b69d9606697a) Importer(815301076,1909f56bfc062723c751e8b465ee728b)  -> (artifact id: '6b0a9ddc6c51f00fd4ac8578d6ad95d9') in 0.038525 seconds 
  Import took 0.043337 seconds .

========================================================================
Received Import Request.
  Time since last request: 5.754906 seconds.
  path: Assets/Prefabs/Player.prefab
  artifactKey: Guid(4df23b907d2febf45a01b69d9606697a) Importer(815301076,1909f56bfc062723c751e8b465ee728b)
Start importing Assets/Prefabs/Player.prefab using Guid(4df23b907d2febf45a01b69d9606697a) Importer(815301076,1909f56bfc062723c751e8b465ee728b)  -> (artifact id: '49ba46a6a394336eb238560251608586') in 0.040935 seconds 
  Import took 0.057680 seconds .

========================================================================
Received Import Request.
  Time since last request: 1.398562 seconds.
  path: Assets/Prefabs/Player.prefab
  artifactKey: Guid(4df23b907d2febf45a01b69d9606697a) Importer(815301076,1909f56bfc062723c751e8b465ee728b)
Start importing Assets/Prefabs/Player.prefab using Guid(4df23b907d2febf45a01b69d9606697a) Importer(815301076,1909f56bfc062723c751e8b465ee728b)  -> (artifact id: 'de5d3689bf118d6a997af1cfd2d17730') in 0.040271 seconds 
  Import took 0.067022 seconds .

========================================================================
Received Import Request.
  Time since last request: 16.534980 seconds.
  path: Assets/Prefabs/Player.prefab
  artifactKey: Guid(4df23b907d2febf45a01b69d9606697a) Importer(815301076,1909f56bfc062723c751e8b465ee728b)
Start importing Assets/Prefabs/Player.prefab using Guid(4df23b907d2febf45a01b69d9606697a) Importer(815301076,1909f56bfc062723c751e8b465ee728b)  -> (artifact id: 'aa221df3a3331869c7c452e6a0b02677') in 0.036048 seconds 
  Import took 0.039892 seconds .

========================================================================
Received Import Request.
  Time since last request: 26.014432 seconds.
  path: Assets/Prefabs/Player.prefab
  artifactKey: Guid(4df23b907d2febf45a01b69d9606697a) Importer(815301076,1909f56bfc062723c751e8b465ee728b)
Start importing Assets/Prefabs/Player.prefab using Guid(4df23b907d2febf45a01b69d9606697a) Importer(815301076,1909f56bfc062723c751e8b465ee728b)  -> (artifact id: '7d2772caeb91a22a515b86c34e243d9a') in 0.040758 seconds 
  Import took 0.062864 seconds .

========================================================================
Received Import Request.
  Time since last request: 1.952338 seconds.
  path: Assets/Prefabs/Player.prefab
  artifactKey: Guid(4df23b907d2febf45a01b69d9606697a) Importer(815301076,1909f56bfc062723c751e8b465ee728b)
Start importing Assets/Prefabs/Player.prefab using Guid(4df23b907d2febf45a01b69d9606697a) Importer(815301076,1909f56bfc062723c751e8b465ee728b)  -> (artifact id: '66a1199b8b82035e716c3bdd37b62b32') in 0.041408 seconds 
  Import took 0.047133 seconds .

========================================================================
Received Import Request.
  Time since last request: 2.811970 seconds.
  path: Assets/Prefabs/Player.prefab
  artifactKey: Guid(4df23b907d2febf45a01b69d9606697a) Importer(815301076,1909f56bfc062723c751e8b465ee728b)
Start importing Assets/Prefabs/Player.prefab using Guid(4df23b907d2febf45a01b69d9606697a) Importer(815301076,1909f56bfc062723c751e8b465ee728b)  -> (artifact id: '3dd3c5c8790dc393a68d3bb2766b022a') in 0.041658 seconds 
  Import took 0.064923 seconds .

========================================================================
Received Import Request.
  Time since last request: 11.729717 seconds.
  path: Assets/Prefabs/Player.prefab
  artifactKey: Guid(4df23b907d2febf45a01b69d9606697a) Importer(815301076,1909f56bfc062723c751e8b465ee728b)
Start importing Assets/Prefabs/Player.prefab using Guid(4df23b907d2febf45a01b69d9606697a) Importer(815301076,1909f56bfc062723c751e8b465ee728b)  -> (artifact id: '22a9063c87649d59bb8cc42ba97f167a') in 0.034846 seconds 
  Import took 0.039723 seconds .

========================================================================
Received Import Request.
  Time since last request: 6.225687 seconds.
  path: Assets/Prefabs/Player.prefab
  artifactKey: Guid(4df23b907d2febf45a01b69d9606697a) Importer(815301076,1909f56bfc062723c751e8b465ee728b)
Start importing Assets/Prefabs/Player.prefab using Guid(4df23b907d2febf45a01b69d9606697a) Importer(815301076,1909f56bfc062723c751e8b465ee728b)  -> (artifact id: 'c048c04b2958f5d9d0c2225d0aacc1b2') in 0.036490 seconds 
  Import took 0.053908 seconds .

========================================================================
Received Import Request.
  Time since last request: 7.289755 seconds.
  path: Assets/Prefabs/Player.prefab
  artifactKey: Guid(4df23b907d2febf45a01b69d9606697a) Importer(815301076,1909f56bfc062723c751e8b465ee728b)
Start importing Assets/Prefabs/Player.prefab using Guid(4df23b907d2febf45a01b69d9606697a) Importer(815301076,1909f56bfc062723c751e8b465ee728b)  -> (artifact id: '835b41f966a6e90f6f17848a1017b728') in 0.038215 seconds 
  Import took 0.042194 seconds .

========================================================================
Received Import Request.
  Time since last request: 4.968474 seconds.
  path: Assets/Prefabs/Player.prefab
  artifactKey: Guid(4df23b907d2febf45a01b69d9606697a) Importer(815301076,1909f56bfc062723c751e8b465ee728b)
Start importing Assets/Prefabs/Player.prefab using Guid(4df23b907d2febf45a01b69d9606697a) Importer(815301076,1909f56bfc062723c751e8b465ee728b)  -> (artifact id: '3b408e58dcded16128b692faa00bf9b3') in 0.040568 seconds 
  Import took 0.044895 seconds .

========================================================================
Received Import Request.
  Time since last request: 16.745268 seconds.
  path: Assets/Prefabs/Player.prefab
  artifactKey: Guid(4df23b907d2febf45a01b69d9606697a) Importer(815301076,1909f56bfc062723c751e8b465ee728b)
Start importing Assets/Prefabs/Player.prefab using Guid(4df23b907d2febf45a01b69d9606697a) Importer(815301076,1909f56bfc062723c751e8b465ee728b)  -> (artifact id: 'a592f3621945fa46030b714199f0b9c4') in 0.035828 seconds 
  Import took 0.040131 seconds .

========================================================================
Received Import Request.
  Time since last request: 12.674375 seconds.
  path: Assets/Prefabs/Player.prefab
  artifactKey: Guid(4df23b907d2febf45a01b69d9606697a) Importer(815301076,1909f56bfc062723c751e8b465ee728b)
Start importing Assets/Prefabs/Player.prefab using Guid(4df23b907d2febf45a01b69d9606697a) Importer(815301076,1909f56bfc062723c751e8b465ee728b)  -> (artifact id: 'ebad188ae5456e1c46c54a09e3c4b73a') in 0.037993 seconds 
  Import took 0.041984 seconds .

========================================================================
Received Import Request.
  Time since last request: 1.874667 seconds.
  path: Assets/Prefabs/Player.prefab
  artifactKey: Guid(4df23b907d2febf45a01b69d9606697a) Importer(815301076,1909f56bfc062723c751e8b465ee728b)
Start importing Assets/Prefabs/Player.prefab using Guid(4df23b907d2febf45a01b69d9606697a) Importer(815301076,1909f56bfc062723c751e8b465ee728b)  -> (artifact id: '3afec0786219fd71fb63755d056bb27a') in 0.038272 seconds 
  Import took 0.042292 seconds .

========================================================================
Received Import Request.
  Time since last request: 3.528998 seconds.
  path: Assets/Prefabs/Player.prefab
  artifactKey: Guid(4df23b907d2febf45a01b69d9606697a) Importer(815301076,1909f56bfc062723c751e8b465ee728b)
Start importing Assets/Prefabs/Player.prefab using Guid(4df23b907d2febf45a01b69d9606697a) Importer(815301076,1909f56bfc062723c751e8b465ee728b)  -> (artifact id: '924369239f1567cc9b8176e15b7e727b') in 0.036271 seconds 
  Import took 0.039979 seconds .

========================================================================
Received Import Request.
  Time since last request: 1.370889 seconds.
  path: Assets/Prefabs/Player.prefab
  artifactKey: Guid(4df23b907d2febf45a01b69d9606697a) Importer(815301076,1909f56bfc062723c751e8b465ee728b)
Start importing Assets/Prefabs/Player.prefab using Guid(4df23b907d2febf45a01b69d9606697a) Importer(815301076,1909f56bfc062723c751e8b465ee728b)  -> (artifact id: 'd53d82ecfc742a16a32740734c3fb334') in 0.033396 seconds 
  Import took 0.037442 seconds .

========================================================================
Received Import Request.
  Time since last request: 6.045378 seconds.
  path: Assets/Prefabs/Player.prefab
  artifactKey: Guid(4df23b907d2febf45a01b69d9606697a) Importer(815301076,1909f56bfc062723c751e8b465ee728b)
Start importing Assets/Prefabs/Player.prefab using Guid(4df23b907d2febf45a01b69d9606697a) Importer(815301076,1909f56bfc062723c751e8b465ee728b)  -> (artifact id: 'a7c77bcbc782d96554b110b9ab10fcec') in 0.036508 seconds 
  Import took 0.041140 seconds .

========================================================================
Received Import Request.
  Time since last request: 9.196693 seconds.
  path: Assets/Prefabs/Player.prefab
  artifactKey: Guid(4df23b907d2febf45a01b69d9606697a) Importer(815301076,1909f56bfc062723c751e8b465ee728b)
Start importing Assets/Prefabs/Player.prefab using Guid(4df23b907d2febf45a01b69d9606697a) Importer(815301076,1909f56bfc062723c751e8b465ee728b)  -> (artifact id: '84d28f2dc3989f0050c55c6a1add1d84') in 0.037703 seconds 
  Import took 0.054811 seconds .

========================================================================
Received Import Request.
  Time since last request: 5.766022 seconds.
  path: Assets/Prefabs/Player.prefab
  artifactKey: Guid(4df23b907d2febf45a01b69d9606697a) Importer(815301076,1909f56bfc062723c751e8b465ee728b)
Start importing Assets/Prefabs/Player.prefab using Guid(4df23b907d2febf45a01b69d9606697a) Importer(815301076,1909f56bfc062723c751e8b465ee728b)  -> (artifact id: 'e8229c1ecf09ab2fa7ae265a307af991') in 0.043247 seconds 
  Import took 0.066232 seconds .

========================================================================
Received Import Request.
  Time since last request: 10.600161 seconds.
  path: Assets/Prefabs/Player.prefab
  artifactKey: Guid(4df23b907d2febf45a01b69d9606697a) Importer(815301076,1909f56bfc062723c751e8b465ee728b)
Start importing Assets/Prefabs/Player.prefab using Guid(4df23b907d2febf45a01b69d9606697a) Importer(815301076,1909f56bfc062723c751e8b465ee728b)  -> (artifact id: '7617eb5d7774b33dd51081ff6926e590') in 0.038708 seconds 
  Import took 0.042721 seconds .

========================================================================
Received Import Request.
  Time since last request: 7.268621 seconds.
  path: Assets/Prefabs/Player.prefab
  artifactKey: Guid(4df23b907d2febf45a01b69d9606697a) Importer(815301076,1909f56bfc062723c751e8b465ee728b)
Start importing Assets/Prefabs/Player.prefab using Guid(4df23b907d2febf45a01b69d9606697a) Importer(815301076,1909f56bfc062723c751e8b465ee728b)  -> (artifact id: 'e4f666d197c4534d54fd510ea039c534') in 0.039682 seconds 
  Import took 0.043648 seconds .

========================================================================
Received Import Request.
  Time since last request: 2.542274 seconds.
  path: Assets/Prefabs/Player.prefab
  artifactKey: Guid(4df23b907d2febf45a01b69d9606697a) Importer(815301076,1909f56bfc062723c751e8b465ee728b)
Start importing Assets/Prefabs/Player.prefab using Guid(4df23b907d2febf45a01b69d9606697a) Importer(815301076,1909f56bfc062723c751e8b465ee728b)  -> (artifact id: '6b9f488d71c5da0757158bcea622da20') in 0.040260 seconds 
  Import took 0.044866 seconds .

========================================================================
Received Import Request.
  Time since last request: 2.985776 seconds.
  path: Assets/Prefabs/Player.prefab
  artifactKey: Guid(4df23b907d2febf45a01b69d9606697a) Importer(815301076,1909f56bfc062723c751e8b465ee728b)
Start importing Assets/Prefabs/Player.prefab using Guid(4df23b907d2febf45a01b69d9606697a) Importer(815301076,1909f56bfc062723c751e8b465ee728b)  -> (artifact id: 'b1275858539f3cd35d474260adda254d') in 0.038021 seconds 
  Import took 0.061638 seconds .

========================================================================
Received Import Request.
  Time since last request: 2.802982 seconds.
  path: Assets/Prefabs/Player.prefab
  artifactKey: Guid(4df23b907d2febf45a01b69d9606697a) Importer(815301076,1909f56bfc062723c751e8b465ee728b)
Start importing Assets/Prefabs/Player.prefab using Guid(4df23b907d2febf45a01b69d9606697a) Importer(815301076,1909f56bfc062723c751e8b465ee728b)  -> (artifact id: '16d63a631a66ff5e76bd2482f90e08e8') in 0.035076 seconds 
  Import took 0.039187 seconds .

========================================================================
Received Import Request.
  Time since last request: 19.558630 seconds.
  path: Assets/Prefabs/Player.prefab
  artifactKey: Guid(4df23b907d2febf45a01b69d9606697a) Importer(815301076,1909f56bfc062723c751e8b465ee728b)
Start importing Assets/Prefabs/Player.prefab using Guid(4df23b907d2febf45a01b69d9606697a) Importer(815301076,1909f56bfc062723c751e8b465ee728b)  -> (artifact id: 'b3f17f6eb4578a1b8d50431ab49cbee7') in 0.041262 seconds 
  Import took 0.045367 seconds .

========================================================================
Received Import Request.
  Time since last request: 2.524576 seconds.
  path: Assets/Prefabs/Player.prefab
  artifactKey: Guid(4df23b907d2febf45a01b69d9606697a) Importer(815301076,1909f56bfc062723c751e8b465ee728b)
Start importing Assets/Prefabs/Player.prefab using Guid(4df23b907d2febf45a01b69d9606697a) Importer(815301076,1909f56bfc062723c751e8b465ee728b)  -> (artifact id: '3dbdf77bf362a455f4e8dfc0e0897933') in 0.041803 seconds 
  Import took 0.045728 seconds .

========================================================================
Received Import Request.
  Time since last request: 2.382743 seconds.
  path: Assets/Prefabs/Player.prefab
  artifactKey: Guid(4df23b907d2febf45a01b69d9606697a) Importer(815301076,1909f56bfc062723c751e8b465ee728b)
Start importing Assets/Prefabs/Player.prefab using Guid(4df23b907d2febf45a01b69d9606697a) Importer(815301076,1909f56bfc062723c751e8b465ee728b)  -> (artifact id: '3a6755a2eb278ca22c3808f388496d1e') in 0.039968 seconds 
  Import took 0.044907 seconds .

========================================================================
Received Import Request.
  Time since last request: 1.983520 seconds.
  path: Assets/Prefabs/Player.prefab
  artifactKey: Guid(4df23b907d2febf45a01b69d9606697a) Importer(815301076,1909f56bfc062723c751e8b465ee728b)
Start importing Assets/Prefabs/Player.prefab using Guid(4df23b907d2febf45a01b69d9606697a) Importer(815301076,1909f56bfc062723c751e8b465ee728b)  -> (artifact id: '4b559e5cb1514b8a9a42809ddb2d9e86') in 0.039059 seconds 
  Import took 0.043477 seconds .

========================================================================
Received Import Request.
  Time since last request: 3.233901 seconds.
  path: Assets/Prefabs/Player.prefab
  artifactKey: Guid(4df23b907d2febf45a01b69d9606697a) Importer(815301076,1909f56bfc062723c751e8b465ee728b)
Start importing Assets/Prefabs/Player.prefab using Guid(4df23b907d2febf45a01b69d9606697a) Importer(815301076,1909f56bfc062723c751e8b465ee728b)  -> (artifact id: 'f65e8100526f75dd32b23253d178e1a3') in 0.041391 seconds 
  Import took 0.046108 seconds .

========================================================================
Received Import Request.
  Time since last request: 2.601372 seconds.
  path: Assets/Prefabs/Player.prefab
  artifactKey: Guid(4df23b907d2febf45a01b69d9606697a) Importer(815301076,1909f56bfc062723c751e8b465ee728b)
Start importing Assets/Prefabs/Player.prefab using Guid(4df23b907d2febf45a01b69d9606697a) Importer(815301076,1909f56bfc062723c751e8b465ee728b)  -> (artifact id: 'c53ee90df006672df84a0dff76de2738') in 0.041256 seconds 
  Import took 0.049714 seconds .

========================================================================
Received Import Request.
  Time since last request: 20.267266 seconds.
  path: Assets/Prefabs/Player.prefab
  artifactKey: Guid(4df23b907d2febf45a01b69d9606697a) Importer(815301076,1909f56bfc062723c751e8b465ee728b)
Start importing Assets/Prefabs/Player.prefab using Guid(4df23b907d2febf45a01b69d9606697a) Importer(815301076,1909f56bfc062723c751e8b465ee728b)  -> (artifact id: '1d043f90394c7aeadaa347af8061b1a4') in 0.038963 seconds 
  Import took 0.044300 seconds .

========================================================================
Received Prepare
Registering precompiled user dll's ...
Registered in 0.004307 seconds.
Begin MonoManager ReloadAssembly
Native extension for WindowsStandalone target not found
Refreshing native plugins compatible for Editor in 0.55 ms, found 3 plugins.
Preloading 0 native plugins for Editor in 0.00 ms.
Mono: successfully reloaded assembly
- Completed reload, in  1.181 seconds
Domain Reload Profiling:
	ReloadAssembly (1182ms)
		BeginReloadAssembly (127ms)
			ExecutionOrderSort (0ms)
			DisableScriptedObjects (7ms)
			BackupInstance (0ms)
			ReleaseScriptingObjects (0ms)
			CreateAndSetChildDomain (47ms)
		EndReloadAssembly (980ms)
			LoadAssemblies (87ms)
			RebuildTransferFunctionScriptingTraits (0ms)
			SetupTypeCache (311ms)
			ReleaseScriptCaches (1ms)
			RebuildScriptCaches (43ms)
			SetupLoadedEditorAssemblies (430ms)
				LogAssemblyErrors (0ms)
				InitializePlatformSupportModulesInManaged (5ms)
				SetLoadedEditorAssemblies (1ms)
				RefreshPlugins (1ms)
				BeforeProcessingInitializeOnLoad (79ms)
				ProcessInitializeOnLoadAttributes (331ms)
				ProcessInitializeOnLoadMethodAttributes (7ms)
				AfterProcessingInitializeOnLoad (6ms)
				EditorAssembliesLoaded (0ms)
			ExecutionOrderSort2 (0ms)
			AwakeInstancesAfterBackupRestoration (11ms)
Platform modules already initialized, skipping
Refreshing native plugins compatible for Editor in 0.55 ms, found 3 plugins.
Preloading 0 native plugins for Editor in 0.00 ms.
Unloading 2095 Unused Serialized files (Serialized files now loaded: 0)
System memory in use before: 97.1 MB.
System memory in use after: 97.3 MB.

Unloading 19 unused Assets to reduce memory usage. Loaded Objects now: 2570.
Total: 3.328500 ms (FindLiveObjects: 0.196000 ms CreateObjectMapping: 0.061600 ms MarkObjects: 3.011900 ms  DeleteObjects: 0.058200 ms)

AssetImportParameters requested are different than current active one (requested -> active):
  custom:framework-win-MediaFoundation: 216162199b28c13a410421893ffa2e32 -> 
  custom:video-decoder-ogg-theora: a1e56fd34408186e4bbccfd4996cb3dc -> 
  custom:container-muxer-webm: aa71ff27fc2769a1b78a27578f13a17b -> 
  custom:container-demuxer-webm: 4f35f7cbe854078d1ac9338744f61a02 -> 
  custom:container-demuxer-ogg: 62fdf1f143b41e24485cea50d1cbac27 -> 
  custom:video-encoder-webm-vp8: eb34c28f22e8b96e1ab97ce403110664 -> 
  custom:video-decoder-webm-vp8: 9c59270c3fd7afecdb556c50c9e8de78 -> 
  custom:audio-decoder-ogg-vorbis: bf7c407c2cedff20999df2af8eb42d56 -> 
  custom:audio-encoder-webm-vorbis: bf7c407c2cedff20999df2af8eb42d56 -> 
========================================================================
Received Import Request.
  Time since last request: 33.360666 seconds.
  path: Assets/Prefabs/Player.prefab
  artifactKey: Guid(4df23b907d2febf45a01b69d9606697a) Importer(815301076,1909f56bfc062723c751e8b465ee728b)
Start importing Assets/Prefabs/Player.prefab using Guid(4df23b907d2febf45a01b69d9606697a) Importer(815301076,1909f56bfc062723c751e8b465ee728b)  -> (artifact id: 'da8c2138ab426bd968977d9d9cc9005f') in 0.122508 seconds 
  Import took 0.126438 seconds .

========================================================================
Received Import Request.
  Time since last request: 3.797833 seconds.
  path: Assets/Prefabs/Player.prefab
  artifactKey: Guid(4df23b907d2febf45a01b69d9606697a) Importer(815301076,1909f56bfc062723c751e8b465ee728b)
Start importing Assets/Prefabs/Player.prefab using Guid(4df23b907d2febf45a01b69d9606697a) Importer(815301076,1909f56bfc062723c751e8b465ee728b)  -> (artifact id: 'd9e299a092f09bee461561a22e4de4b7') in 0.042994 seconds 
  Import took 0.047482 seconds .

========================================================================
Received Import Request.
  Time since last request: 1.555043 seconds.
  path: Assets/Prefabs/Player.prefab
  artifactKey: Guid(4df23b907d2febf45a01b69d9606697a) Importer(815301076,1909f56bfc062723c751e8b465ee728b)
Start importing Assets/Prefabs/Player.prefab using Guid(4df23b907d2febf45a01b69d9606697a) Importer(815301076,1909f56bfc062723c751e8b465ee728b)  -> (artifact id: '4a9d0ed5161866fb0bf4ead8bee3fc0f') in 0.040567 seconds 
  Import took 0.045848 seconds .

========================================================================
Received Import Request.
  Time since last request: 5.621034 seconds.
  path: Assets/Prefabs/Player.prefab
  artifactKey: Guid(4df23b907d2febf45a01b69d9606697a) Importer(815301076,1909f56bfc062723c751e8b465ee728b)
Start importing Assets/Prefabs/Player.prefab using Guid(4df23b907d2febf45a01b69d9606697a) Importer(815301076,1909f56bfc062723c751e8b465ee728b)  -> (artifact id: '4087a3105bc3a49d85175d831d748a64') in 0.039458 seconds 
  Import took 0.043796 seconds .

========================================================================
Received Import Request.
  Time since last request: 4.848263 seconds.
  path: Assets/Prefabs/Player.prefab
  artifactKey: Guid(4df23b907d2febf45a01b69d9606697a) Importer(815301076,1909f56bfc062723c751e8b465ee728b)
Start importing Assets/Prefabs/Player.prefab using Guid(4df23b907d2febf45a01b69d9606697a) Importer(815301076,1909f56bfc062723c751e8b465ee728b)  -> (artifact id: 'a10161a57ca55ccfad146f099324e3d5') in 0.044002 seconds 
  Import took 0.047836 seconds .

========================================================================
Received Import Request.
  Time since last request: 9.887162 seconds.
  path: Assets/Prefabs/Player.prefab
  artifactKey: Guid(4df23b907d2febf45a01b69d9606697a) Importer(815301076,1909f56bfc062723c751e8b465ee728b)
Start importing Assets/Prefabs/Player.prefab using Guid(4df23b907d2febf45a01b69d9606697a) Importer(815301076,1909f56bfc062723c751e8b465ee728b)  -> (artifact id: '89ef618220e93d17dff48abf1b0c0644') in 0.035870 seconds 
  Import took 0.046533 seconds .

========================================================================
Received Import Request.
  Time since last request: 12.786484 seconds.
  path: Assets/Prefabs/Player.prefab
  artifactKey: Guid(4df23b907d2febf45a01b69d9606697a) Importer(815301076,1909f56bfc062723c751e8b465ee728b)
Start importing Assets/Prefabs/Player.prefab using Guid(4df23b907d2febf45a01b69d9606697a) Importer(815301076,1909f56bfc062723c751e8b465ee728b)  -> (artifact id: '7b732d2e9b35d25eab96bf59eb08aa41') in 0.040524 seconds 
  Import took 0.046087 seconds .

========================================================================
Received Import Request.
  Time since last request: 8.053946 seconds.
  path: Assets/Prefabs/Player.prefab
  artifactKey: Guid(4df23b907d2febf45a01b69d9606697a) Importer(815301076,1909f56bfc062723c751e8b465ee728b)
Start importing Assets/Prefabs/Player.prefab using Guid(4df23b907d2febf45a01b69d9606697a) Importer(815301076,1909f56bfc062723c751e8b465ee728b)  -> (artifact id: '6b4ac5422bcb80ad80025241e385c660') in 0.046009 seconds 
  Import took 0.051421 seconds .

========================================================================
Received Import Request.
  Time since last request: 3.735230 seconds.
  path: Assets/Prefabs/Player.prefab
  artifactKey: Guid(4df23b907d2febf45a01b69d9606697a) Importer(815301076,1909f56bfc062723c751e8b465ee728b)
Start importing Assets/Prefabs/Player.prefab using Guid(4df23b907d2febf45a01b69d9606697a) Importer(815301076,1909f56bfc062723c751e8b465ee728b)  -> (artifact id: '917a0cba381b865d2802a66e8840fa2f') in 0.039854 seconds 
  Import took 0.043886 seconds .

========================================================================
Received Import Request.
  Time since last request: 9.066413 seconds.
  path: Assets/Prefabs/Player.prefab
  artifactKey: Guid(4df23b907d2febf45a01b69d9606697a) Importer(815301076,1909f56bfc062723c751e8b465ee728b)
Start importing Assets/Prefabs/Player.prefab using Guid(4df23b907d2febf45a01b69d9606697a) Importer(815301076,1909f56bfc062723c751e8b465ee728b)  -> (artifact id: '3b74fbe262b7e329b8506f2b5cb4c896') in 0.041930 seconds 
  Import took 0.045780 seconds .

========================================================================
Received Import Request.
  Time since last request: 8.823548 seconds.
  path: Assets/Prefabs/Player.prefab
  artifactKey: Guid(4df23b907d2febf45a01b69d9606697a) Importer(815301076,1909f56bfc062723c751e8b465ee728b)
Start importing Assets/Prefabs/Player.prefab using Guid(4df23b907d2febf45a01b69d9606697a) Importer(815301076,1909f56bfc062723c751e8b465ee728b)  -> (artifact id: '7435ec0f64f0e99bdf53dfb918e05ecd') in 0.039939 seconds 
  Import took 0.043837 seconds .

========================================================================
Received Import Request.
  Time since last request: 2.179887 seconds.
  path: Assets/Prefabs/Player.prefab
  artifactKey: Guid(4df23b907d2febf45a01b69d9606697a) Importer(815301076,1909f56bfc062723c751e8b465ee728b)
Start importing Assets/Prefabs/Player.prefab using Guid(4df23b907d2febf45a01b69d9606697a) Importer(815301076,1909f56bfc062723c751e8b465ee728b)  -> (artifact id: 'f3cb6fd5efcd2343924ae8b0e103aecb') in 0.043051 seconds 
  Import took 0.048510 seconds .

========================================================================
Received Import Request.
  Time since last request: 7.123553 seconds.
  path: Assets/Prefabs/Player.prefab
  artifactKey: Guid(4df23b907d2febf45a01b69d9606697a) Importer(815301076,1909f56bfc062723c751e8b465ee728b)
Start importing Assets/Prefabs/Player.prefab using Guid(4df23b907d2febf45a01b69d9606697a) Importer(815301076,1909f56bfc062723c751e8b465ee728b)  -> (artifact id: 'bb60ebd6bfae0d22ebe023821362924a') in 0.036083 seconds 
  Import took 0.055544 seconds .

========================================================================
Received Import Request.
  Time since last request: 4.790222 seconds.
  path: Assets/Prefabs/Player.prefab
  artifactKey: Guid(4df23b907d2febf45a01b69d9606697a) Importer(815301076,1909f56bfc062723c751e8b465ee728b)
Start importing Assets/Prefabs/Player.prefab using Guid(4df23b907d2febf45a01b69d9606697a) Importer(815301076,1909f56bfc062723c751e8b465ee728b)  -> (artifact id: '2527bd45136b2945498e11b787da6adf') in 0.042884 seconds 
  Import took 0.047946 seconds .

========================================================================
Received Import Request.
  Time since last request: 3.939121 seconds.
  path: Assets/Prefabs/Player.prefab
  artifactKey: Guid(4df23b907d2febf45a01b69d9606697a) Importer(815301076,1909f56bfc062723c751e8b465ee728b)
Start importing Assets/Prefabs/Player.prefab using Guid(4df23b907d2febf45a01b69d9606697a) Importer(815301076,1909f56bfc062723c751e8b465ee728b)  -> (artifact id: '2f2f9926bc4b6b675fb3e115add94992') in 0.036921 seconds 
  Import took 0.040710 seconds .

========================================================================
Received Import Request.
  Time since last request: 7.901830 seconds.
  path: Assets/Prefabs/Player.prefab
  artifactKey: Guid(4df23b907d2febf45a01b69d9606697a) Importer(815301076,1909f56bfc062723c751e8b465ee728b)
Start importing Assets/Prefabs/Player.prefab using Guid(4df23b907d2febf45a01b69d9606697a) Importer(815301076,1909f56bfc062723c751e8b465ee728b)  -> (artifact id: '2cb1fd7405c169b386f225fa62901a87') in 0.036802 seconds 
  Import took 0.047785 seconds .

========================================================================
Received Import Request.
  Time since last request: 23.297622 seconds.
  path: Assets/Prefabs/Player.prefab
  artifactKey: Guid(4df23b907d2febf45a01b69d9606697a) Importer(815301076,1909f56bfc062723c751e8b465ee728b)
Start importing Assets/Prefabs/Player.prefab using Guid(4df23b907d2febf45a01b69d9606697a) Importer(815301076,1909f56bfc062723c751e8b465ee728b)  -> (artifact id: '2ee384b3b236a0fff7f1e1328849f726') in 0.042016 seconds 
  Import took 0.046769 seconds .

========================================================================
Received Import Request.
  Time since last request: 1.197595 seconds.
  path: Assets/Prefabs/Player.prefab
  artifactKey: Guid(4df23b907d2febf45a01b69d9606697a) Importer(815301076,1909f56bfc062723c751e8b465ee728b)
Start importing Assets/Prefabs/Player.prefab using Guid(4df23b907d2febf45a01b69d9606697a) Importer(815301076,1909f56bfc062723c751e8b465ee728b)  -> (artifact id: '4927af6c877a906fa4999e86b6826aab') in 0.040022 seconds 
  Import took 0.043733 seconds .

========================================================================
Received Import Request.
  Time since last request: 4.375845 seconds.
  path: Assets/Prefabs/Player.prefab
  artifactKey: Guid(4df23b907d2febf45a01b69d9606697a) Importer(815301076,1909f56bfc062723c751e8b465ee728b)
Start importing Assets/Prefabs/Player.prefab using Guid(4df23b907d2febf45a01b69d9606697a) Importer(815301076,1909f56bfc062723c751e8b465ee728b)  -> (artifact id: '5bbf0959131fdbf18826a5db3c0aea03') in 0.039842 seconds 
  Import took 0.045681 seconds .

========================================================================
Received Import Request.
  Time since last request: 3.434494 seconds.
  path: Assets/Prefabs/Player.prefab
  artifactKey: Guid(4df23b907d2febf45a01b69d9606697a) Importer(815301076,1909f56bfc062723c751e8b465ee728b)
Start importing Assets/Prefabs/Player.prefab using Guid(4df23b907d2febf45a01b69d9606697a) Importer(815301076,1909f56bfc062723c751e8b465ee728b)  -> (artifact id: '638ef1052e3c5223790d0ddb6865072f') in 0.042553 seconds 
  Import took 0.048024 seconds .

========================================================================
Received Import Request.
  Time since last request: 1.579960 seconds.
  path: Assets/Prefabs/Player.prefab
  artifactKey: Guid(4df23b907d2febf45a01b69d9606697a) Importer(815301076,1909f56bfc062723c751e8b465ee728b)
Start importing Assets/Prefabs/Player.prefab using Guid(4df23b907d2febf45a01b69d9606697a) Importer(815301076,1909f56bfc062723c751e8b465ee728b)  -> (artifact id: 'e00ba27aa2056f397829c4b8b5ad934c') in 0.033698 seconds 
  Import took 0.038602 seconds .

========================================================================
Received Import Request.
  Time since last request: 8.392150 seconds.
  path: Assets/Prefabs/Player.prefab
  artifactKey: Guid(4df23b907d2febf45a01b69d9606697a) Importer(815301076,1909f56bfc062723c751e8b465ee728b)
Start importing Assets/Prefabs/Player.prefab using Guid(4df23b907d2febf45a01b69d9606697a) Importer(815301076,1909f56bfc062723c751e8b465ee728b)  -> (artifact id: '23c7123ac3b4919137cbac6504a38db6') in 0.039606 seconds 
  Import took 0.043606 seconds .

========================================================================
Received Import Request.
  Time since last request: 8.235313 seconds.
  path: Assets/Prefabs/Player.prefab
  artifactKey: Guid(4df23b907d2febf45a01b69d9606697a) Importer(815301076,1909f56bfc062723c751e8b465ee728b)
Start importing Assets/Prefabs/Player.prefab using Guid(4df23b907d2febf45a01b69d9606697a) Importer(815301076,1909f56bfc062723c751e8b465ee728b)  -> (artifact id: '3dc48f9756e345b9083c5b735764a866') in 0.037850 seconds 
  Import took 0.042814 seconds .

========================================================================
Received Import Request.
  Time since last request: 14.488032 seconds.
  path: Assets/Prefabs/Player.prefab
  artifactKey: Guid(4df23b907d2febf45a01b69d9606697a) Importer(815301076,1909f56bfc062723c751e8b465ee728b)
Start importing Assets/Prefabs/Player.prefab using Guid(4df23b907d2febf45a01b69d9606697a) Importer(815301076,1909f56bfc062723c751e8b465ee728b)  -> (artifact id: '7bf87d4c4da97b52f18d9a8e81505e60') in 0.041590 seconds 
  Import took 0.046486 seconds .

========================================================================
Received Import Request.
  Time since last request: 8.648878 seconds.
  path: Assets/Prefabs/Player.prefab
  artifactKey: Guid(4df23b907d2febf45a01b69d9606697a) Importer(815301076,1909f56bfc062723c751e8b465ee728b)
Start importing Assets/Prefabs/Player.prefab using Guid(4df23b907d2febf45a01b69d9606697a) Importer(815301076,1909f56bfc062723c751e8b465ee728b)  -> (artifact id: 'eb4a02f541d2b9a9ea16e453a040d2d6') in 0.042743 seconds 
  Import took 0.046650 seconds .

========================================================================
Received Import Request.
  Time since last request: 8.242527 seconds.
  path: Assets/Prefabs/Player.prefab
  artifactKey: Guid(4df23b907d2febf45a01b69d9606697a) Importer(815301076,1909f56bfc062723c751e8b465ee728b)
Start importing Assets/Prefabs/Player.prefab using Guid(4df23b907d2febf45a01b69d9606697a) Importer(815301076,1909f56bfc062723c751e8b465ee728b)  -> (artifact id: '683221287081a77e551dcfc0b2bd1b13') in 0.044609 seconds 
  Import took 0.048528 seconds .

========================================================================
Received Import Request.
  Time since last request: 3.000424 seconds.
  path: Assets/Prefabs/Player.prefab
  artifactKey: Guid(4df23b907d2febf45a01b69d9606697a) Importer(815301076,1909f56bfc062723c751e8b465ee728b)
Start importing Assets/Prefabs/Player.prefab using Guid(4df23b907d2febf45a01b69d9606697a) Importer(815301076,1909f56bfc062723c751e8b465ee728b)  -> (artifact id: 'b3fd853e344b7753703b9f8967bdee1e') in 0.037080 seconds 
  Import took 0.041320 seconds .

========================================================================
Received Import Request.
  Time since last request: 3.363963 seconds.
  path: Assets/Prefabs/Player.prefab
  artifactKey: Guid(4df23b907d2febf45a01b69d9606697a) Importer(815301076,1909f56bfc062723c751e8b465ee728b)
Start importing Assets/Prefabs/Player.prefab using Guid(4df23b907d2febf45a01b69d9606697a) Importer(815301076,1909f56bfc062723c751e8b465ee728b)  -> (artifact id: 'a62c8e49636832a65893a6f445a9c904') in 0.040890 seconds 
  Import took 0.044874 seconds .

========================================================================
Received Import Request.
  Time since last request: 4.787894 seconds.
  path: Assets/Prefabs/Player.prefab
  artifactKey: Guid(4df23b907d2febf45a01b69d9606697a) Importer(815301076,1909f56bfc062723c751e8b465ee728b)
Start importing Assets/Prefabs/Player.prefab using Guid(4df23b907d2febf45a01b69d9606697a) Importer(815301076,1909f56bfc062723c751e8b465ee728b)  -> (artifact id: '3541c12cf70b94e59ca6430e40c75832') in 0.043394 seconds 
  Import took 0.062889 seconds .

========================================================================
Received Import Request.
  Time since last request: 3.182022 seconds.
  path: Assets/Prefabs/Player.prefab
  artifactKey: Guid(4df23b907d2febf45a01b69d9606697a) Importer(815301076,1909f56bfc062723c751e8b465ee728b)
Start importing Assets/Prefabs/Player.prefab using Guid(4df23b907d2febf45a01b69d9606697a) Importer(815301076,1909f56bfc062723c751e8b465ee728b)  -> (artifact id: '898519333cd6f853d4ffea8ad51ff5d7') in 0.038037 seconds 
  Import took 0.059688 seconds .

========================================================================
Received Import Request.
  Time since last request: 10.478386 seconds.
  path: Assets/Prefabs/Player.prefab
  artifactKey: Guid(4df23b907d2febf45a01b69d9606697a) Importer(815301076,1909f56bfc062723c751e8b465ee728b)
Start importing Assets/Prefabs/Player.prefab using Guid(4df23b907d2febf45a01b69d9606697a) Importer(815301076,1909f56bfc062723c751e8b465ee728b)  -> (artifact id: 'fdf31ee2e8dd4c9c1d95306f4e1455e1') in 0.035463 seconds 
  Import took 0.055884 seconds .

========================================================================
Received Import Request.
  Time since last request: 2.024252 seconds.
  path: Assets/Prefabs/Player.prefab
  artifactKey: Guid(4df23b907d2febf45a01b69d9606697a) Importer(815301076,1909f56bfc062723c751e8b465ee728b)
Start importing Assets/Prefabs/Player.prefab using Guid(4df23b907d2febf45a01b69d9606697a) Importer(815301076,1909f56bfc062723c751e8b465ee728b)  -> (artifact id: 'eb12bce4b6017cebf7e44cfa78e89dcf') in 0.038540 seconds 
  Import took 0.042424 seconds .

========================================================================
Received Import Request.
  Time since last request: 4.359649 seconds.
  path: Assets/Prefabs/Player.prefab
  artifactKey: Guid(4df23b907d2febf45a01b69d9606697a) Importer(815301076,1909f56bfc062723c751e8b465ee728b)
Start importing Assets/Prefabs/Player.prefab using Guid(4df23b907d2febf45a01b69d9606697a) Importer(815301076,1909f56bfc062723c751e8b465ee728b)  -> (artifact id: '742ff8fe7f7f66d5c557ceb50df40b19') in 0.036898 seconds 
  Import took 0.040821 seconds .

========================================================================
Received Import Request.
  Time since last request: 6.880574 seconds.
  path: Assets/Prefabs/Player.prefab
  artifactKey: Guid(4df23b907d2febf45a01b69d9606697a) Importer(815301076,1909f56bfc062723c751e8b465ee728b)
Start importing Assets/Prefabs/Player.prefab using Guid(4df23b907d2febf45a01b69d9606697a) Importer(815301076,1909f56bfc062723c751e8b465ee728b)  -> (artifact id: '66eaf7db62c0a7b61efc4c15c2078a0e') in 0.039633 seconds 
  Import took 0.043911 seconds .

========================================================================
Received Import Request.
  Time since last request: 4.562329 seconds.
  path: Assets/Prefabs/Player.prefab
  artifactKey: Guid(4df23b907d2febf45a01b69d9606697a) Importer(815301076,1909f56bfc062723c751e8b465ee728b)
Start importing Assets/Prefabs/Player.prefab using Guid(4df23b907d2febf45a01b69d9606697a) Importer(815301076,1909f56bfc062723c751e8b465ee728b)  -> (artifact id: 'f0218b6b4404f5c6d086e1c1d25a16e2') in 0.039457 seconds 
  Import took 0.044115 seconds .

========================================================================
Received Prepare
Registering precompiled user dll's ...
Registered in 0.005962 seconds.
Begin MonoManager ReloadAssembly
Native extension for WindowsStandalone target not found
Refreshing native plugins compatible for Editor in 0.48 ms, found 3 plugins.
Preloading 0 native plugins for Editor in 0.00 ms.
Mono: successfully reloaded assembly
- Completed reload, in  1.411 seconds
Domain Reload Profiling:
	ReloadAssembly (1411ms)
		BeginReloadAssembly (127ms)
			ExecutionOrderSort (0ms)
			DisableScriptedObjects (7ms)
			BackupInstance (0ms)
			ReleaseScriptingObjects (0ms)
			CreateAndSetChildDomain (39ms)
		EndReloadAssembly (1216ms)
			LoadAssemblies (90ms)
			RebuildTransferFunctionScriptingTraits (0ms)
			SetupTypeCache (374ms)
			ReleaseScriptCaches (1ms)
			RebuildScriptCaches (47ms)
			SetupLoadedEditorAssemblies (595ms)
				LogAssemblyErrors (0ms)
				InitializePlatformSupportModulesInManaged (5ms)
				SetLoadedEditorAssemblies (0ms)
				RefreshPlugins (1ms)
				BeforeProcessingInitializeOnLoad (87ms)
				ProcessInitializeOnLoadAttributes (489ms)
				ProcessInitializeOnLoadMethodAttributes (6ms)
				AfterProcessingInitializeOnLoad (6ms)
				EditorAssembliesLoaded (0ms)
			ExecutionOrderSort2 (0ms)
			AwakeInstancesAfterBackupRestoration (11ms)
Platform modules already initialized, skipping
Refreshing native plugins compatible for Editor in 0.53 ms, found 3 plugins.
Preloading 0 native plugins for Editor in 0.00 ms.
Unloading 2095 Unused Serialized files (Serialized files now loaded: 0)
System memory in use before: 97.2 MB.
System memory in use after: 97.3 MB.

Unloading 18 unused Assets to reduce memory usage. Loaded Objects now: 2574.
Total: 3.619200 ms (FindLiveObjects: 0.208100 ms CreateObjectMapping: 0.069000 ms MarkObjects: 3.312100 ms  DeleteObjects: 0.028500 ms)

AssetImportParameters requested are different than current active one (requested -> active):
  custom:framework-win-MediaFoundation: 216162199b28c13a410421893ffa2e32 -> 
  custom:video-decoder-ogg-theora: a1e56fd34408186e4bbccfd4996cb3dc -> 
  custom:container-muxer-webm: aa71ff27fc2769a1b78a27578f13a17b -> 
  custom:container-demuxer-webm: 4f35f7cbe854078d1ac9338744f61a02 -> 
  custom:container-demuxer-ogg: 62fdf1f143b41e24485cea50d1cbac27 -> 
  custom:video-encoder-webm-vp8: eb34c28f22e8b96e1ab97ce403110664 -> 
  custom:video-decoder-webm-vp8: 9c59270c3fd7afecdb556c50c9e8de78 -> 
  custom:audio-decoder-ogg-vorbis: bf7c407c2cedff20999df2af8eb42d56 -> 
  custom:audio-encoder-webm-vorbis: bf7c407c2cedff20999df2af8eb42d56 -> 
========================================================================
Received Prepare
Registering precompiled user dll's ...
Registered in 0.002511 seconds.
Begin MonoManager ReloadAssembly
Native extension for WindowsStandalone target not found
Refreshing native plugins compatible for Editor in 0.58 ms, found 3 plugins.
Preloading 0 native plugins for Editor in 0.00 ms.
Mono: successfully reloaded assembly
- Completed reload, in  1.574 seconds
Domain Reload Profiling:
	ReloadAssembly (1575ms)
		BeginReloadAssembly (148ms)
			ExecutionOrderSort (0ms)
			DisableScriptedObjects (12ms)
			BackupInstance (0ms)
			ReleaseScriptingObjects (0ms)
			CreateAndSetChildDomain (50ms)
		EndReloadAssembly (1345ms)
			LoadAssemblies (108ms)
			RebuildTransferFunctionScriptingTraits (0ms)
			SetupTypeCache (321ms)
			ReleaseScriptCaches (1ms)
			RebuildScriptCaches (43ms)
			SetupLoadedEditorAssemblies (776ms)
				LogAssemblyErrors (0ms)
				InitializePlatformSupportModulesInManaged (5ms)
				SetLoadedEditorAssemblies (0ms)
				RefreshPlugins (1ms)
				BeforeProcessingInitializeOnLoad (83ms)
				ProcessInitializeOnLoadAttributes (675ms)
				ProcessInitializeOnLoadMethodAttributes (6ms)
				AfterProcessingInitializeOnLoad (6ms)
				EditorAssembliesLoaded (0ms)
			ExecutionOrderSort2 (0ms)
			AwakeInstancesAfterBackupRestoration (11ms)
Platform modules already initialized, skipping
Refreshing native plugins compatible for Editor in 0.56 ms, found 3 plugins.
Preloading 0 native plugins for Editor in 0.00 ms.
Unloading 2095 Unused Serialized files (Serialized files now loaded: 0)
System memory in use before: 97.2 MB.
System memory in use after: 97.3 MB.

Unloading 16 unused Assets to reduce memory usage. Loaded Objects now: 2577.
Total: 3.713000 ms (FindLiveObjects: 0.214900 ms CreateObjectMapping: 0.076800 ms MarkObjects: 3.399500 ms  DeleteObjects: 0.020600 ms)

AssetImportParameters requested are different than current active one (requested -> active):
  custom:framework-win-MediaFoundation: 216162199b28c13a410421893ffa2e32 -> 
  custom:video-decoder-ogg-theora: a1e56fd34408186e4bbccfd4996cb3dc -> 
  custom:container-muxer-webm: aa71ff27fc2769a1b78a27578f13a17b -> 
  custom:container-demuxer-webm: 4f35f7cbe854078d1ac9338744f61a02 -> 
  custom:container-demuxer-ogg: 62fdf1f143b41e24485cea50d1cbac27 -> 
  custom:video-encoder-webm-vp8: eb34c28f22e8b96e1ab97ce403110664 -> 
  custom:video-decoder-webm-vp8: 9c59270c3fd7afecdb556c50c9e8de78 -> 
  custom:audio-decoder-ogg-vorbis: bf7c407c2cedff20999df2af8eb42d56 -> 
  custom:audio-encoder-webm-vorbis: bf7c407c2cedff20999df2af8eb42d56 -> 
========================================================================
Received Prepare
Registering precompiled user dll's ...
Registered in 0.002336 seconds.
Begin MonoManager ReloadAssembly
Native extension for WindowsStandalone target not found
Refreshing native plugins compatible for Editor in 0.56 ms, found 3 plugins.
Preloading 0 native plugins for Editor in 0.00 ms.
Mono: successfully reloaded assembly
- Completed reload, in  2.161 seconds
Domain Reload Profiling:
	ReloadAssembly (2161ms)
		BeginReloadAssembly (121ms)
			ExecutionOrderSort (0ms)
			DisableScriptedObjects (7ms)
			BackupInstance (0ms)
			ReleaseScriptingObjects (0ms)
			CreateAndSetChildDomain (36ms)
		EndReloadAssembly (1970ms)
			LoadAssemblies (439ms)
			RebuildTransferFunctionScriptingTraits (0ms)
			SetupTypeCache (375ms)
			ReleaseScriptCaches (1ms)
			RebuildScriptCaches (58ms)
			SetupLoadedEditorAssemblies (947ms)
				LogAssemblyErrors (0ms)
				InitializePlatformSupportModulesInManaged (6ms)
				SetLoadedEditorAssemblies (1ms)
				RefreshPlugins (1ms)
				BeforeProcessingInitializeOnLoad (113ms)
				ProcessInitializeOnLoadAttributes (806ms)
				ProcessInitializeOnLoadMethodAttributes (11ms)
				AfterProcessingInitializeOnLoad (9ms)
				EditorAssembliesLoaded (0ms)
			ExecutionOrderSort2 (0ms)
			AwakeInstancesAfterBackupRestoration (16ms)
Platform modules already initialized, skipping
Refreshing native plugins compatible for Editor in 0.61 ms, found 3 plugins.
Preloading 0 native plugins for Editor in 0.00 ms.
Unloading 2095 Unused Serialized files (Serialized files now loaded: 0)
System memory in use before: 97.2 MB.
System memory in use after: 97.3 MB.

Unloading 16 unused Assets to reduce memory usage. Loaded Objects now: 2580.
Total: 3.707900 ms (FindLiveObjects: 0.228400 ms CreateObjectMapping: 0.108200 ms MarkObjects: 3.348000 ms  DeleteObjects: 0.021400 ms)

AssetImportParameters requested are different than current active one (requested -> active):
  custom:framework-win-MediaFoundation: 216162199b28c13a410421893ffa2e32 -> 
  custom:video-decoder-ogg-theora: a1e56fd34408186e4bbccfd4996cb3dc -> 
  custom:container-muxer-webm: aa71ff27fc2769a1b78a27578f13a17b -> 
  custom:container-demuxer-webm: 4f35f7cbe854078d1ac9338744f61a02 -> 
  custom:container-demuxer-ogg: 62fdf1f143b41e24485cea50d1cbac27 -> 
  custom:video-encoder-webm-vp8: eb34c28f22e8b96e1ab97ce403110664 -> 
  custom:video-decoder-webm-vp8: 9c59270c3fd7afecdb556c50c9e8de78 -> 
  custom:audio-decoder-ogg-vorbis: bf7c407c2cedff20999df2af8eb42d56 -> 
  custom:audio-encoder-webm-vorbis: bf7c407c2cedff20999df2af8eb42d56 -> 
========================================================================
Received Prepare
Registering precompiled user dll's ...
Registered in 0.002495 seconds.
Begin MonoManager ReloadAssembly
Native extension for WindowsStandalone target not found
Refreshing native plugins compatible for Editor in 0.57 ms, found 3 plugins.
Preloading 0 native plugins for Editor in 0.00 ms.
Mono: successfully reloaded assembly
- Completed reload, in  1.355 seconds
Domain Reload Profiling:
	ReloadAssembly (1355ms)
		BeginReloadAssembly (158ms)
			ExecutionOrderSort (0ms)
			DisableScriptedObjects (10ms)
			BackupInstance (0ms)
			ReleaseScriptingObjects (0ms)
			CreateAndSetChildDomain (40ms)
		EndReloadAssembly (1121ms)
			LoadAssemblies (122ms)
			RebuildTransferFunctionScriptingTraits (0ms)
			SetupTypeCache (392ms)
			ReleaseScriptCaches (1ms)
			RebuildScriptCaches (43ms)
			SetupLoadedEditorAssemblies (473ms)
				LogAssemblyErrors (0ms)
				InitializePlatformSupportModulesInManaged (6ms)
				SetLoadedEditorAssemblies (1ms)
				RefreshPlugins (1ms)
				BeforeProcessingInitializeOnLoad (82ms)
				ProcessInitializeOnLoadAttributes (373ms)
				ProcessInitializeOnLoadMethodAttributes (6ms)
				AfterProcessingInitializeOnLoad (6ms)
				EditorAssembliesLoaded (0ms)
			ExecutionOrderSort2 (0ms)
			AwakeInstancesAfterBackupRestoration (10ms)
Platform modules already initialized, skipping
Refreshing native plugins compatible for Editor in 0.59 ms, found 3 plugins.
Preloading 0 native plugins for Editor in 0.00 ms.
Unloading 2095 Unused Serialized files (Serialized files now loaded: 0)
System memory in use before: 97.2 MB.
System memory in use after: 97.3 MB.

Unloading 16 unused Assets to reduce memory usage. Loaded Objects now: 2583.
Total: 4.028000 ms (FindLiveObjects: 0.474800 ms CreateObjectMapping: 0.182900 ms MarkObjects: 3.332000 ms  DeleteObjects: 0.037100 ms)

AssetImportParameters requested are different than current active one (requested -> active):
  custom:framework-win-MediaFoundation: 216162199b28c13a410421893ffa2e32 -> 
  custom:video-decoder-ogg-theora: a1e56fd34408186e4bbccfd4996cb3dc -> 
  custom:container-muxer-webm: aa71ff27fc2769a1b78a27578f13a17b -> 
  custom:container-demuxer-webm: 4f35f7cbe854078d1ac9338744f61a02 -> 
  custom:container-demuxer-ogg: 62fdf1f143b41e24485cea50d1cbac27 -> 
  custom:video-encoder-webm-vp8: eb34c28f22e8b96e1ab97ce403110664 -> 
  custom:video-decoder-webm-vp8: 9c59270c3fd7afecdb556c50c9e8de78 -> 
  custom:audio-decoder-ogg-vorbis: bf7c407c2cedff20999df2af8eb42d56 -> 
  custom:audio-encoder-webm-vorbis: bf7c407c2cedff20999df2af8eb42d56 -> 
========================================================================
Received Prepare
Registering precompiled user dll's ...
Registered in 0.002434 seconds.
Begin MonoManager ReloadAssembly
Native extension for WindowsStandalone target not found
Refreshing native plugins compatible for Editor in 0.55 ms, found 3 plugins.
Preloading 0 native plugins for Editor in 0.00 ms.
Mono: successfully reloaded assembly
- Completed reload, in  1.116 seconds
Domain Reload Profiling:
	ReloadAssembly (1117ms)
		BeginReloadAssembly (118ms)
			ExecutionOrderSort (0ms)
			DisableScriptedObjects (6ms)
			BackupInstance (0ms)
			ReleaseScriptingObjects (0ms)
			CreateAndSetChildDomain (35ms)
		EndReloadAssembly (933ms)
			LoadAssemblies (100ms)
			RebuildTransferFunctionScriptingTraits (0ms)
			SetupTypeCache (298ms)
			ReleaseScriptCaches (1ms)
			RebuildScriptCaches (42ms)
			SetupLoadedEditorAssemblies (391ms)
				LogAssemblyErrors (0ms)
				InitializePlatformSupportModulesInManaged (5ms)
				SetLoadedEditorAssemblies (0ms)
				RefreshPlugins (1ms)
				BeforeProcessingInitializeOnLoad (84ms)
				ProcessInitializeOnLoadAttributes (289ms)
				ProcessInitializeOnLoadMethodAttributes (5ms)
				AfterProcessingInitializeOnLoad (7ms)
				EditorAssembliesLoaded (0ms)
			ExecutionOrderSort2 (0ms)
			AwakeInstancesAfterBackupRestoration (10ms)
Platform modules already initialized, skipping
Refreshing native plugins compatible for Editor in 0.52 ms, found 3 plugins.
Preloading 0 native plugins for Editor in 0.00 ms.
Unloading 2095 Unused Serialized files (Serialized files now loaded: 0)
System memory in use before: 97.2 MB.
System memory in use after: 97.3 MB.

Unloading 16 unused Assets to reduce memory usage. Loaded Objects now: 2586.
Total: 3.822900 ms (FindLiveObjects: 0.244800 ms CreateObjectMapping: 0.088100 ms MarkObjects: 3.460000 ms  DeleteObjects: 0.028300 ms)

AssetImportParameters requested are different than current active one (requested -> active):
  custom:framework-win-MediaFoundation: 216162199b28c13a410421893ffa2e32 -> 
  custom:video-decoder-ogg-theora: a1e56fd34408186e4bbccfd4996cb3dc -> 
  custom:container-muxer-webm: aa71ff27fc2769a1b78a27578f13a17b -> 
  custom:container-demuxer-webm: 4f35f7cbe854078d1ac9338744f61a02 -> 
  custom:container-demuxer-ogg: 62fdf1f143b41e24485cea50d1cbac27 -> 
  custom:video-encoder-webm-vp8: eb34c28f22e8b96e1ab97ce403110664 -> 
  custom:video-decoder-webm-vp8: 9c59270c3fd7afecdb556c50c9e8de78 -> 
  custom:audio-decoder-ogg-vorbis: bf7c407c2cedff20999df2af8eb42d56 -> 
  custom:audio-encoder-webm-vorbis: bf7c407c2cedff20999df2af8eb42d56 -> 
========================================================================
Received Import Request.
  Time since last request: 641.453113 seconds.
  path: Assets/Prefabs/Player.prefab
  artifactKey: Guid(4df23b907d2febf45a01b69d9606697a) Importer(815301076,1909f56bfc062723c751e8b465ee728b)
Start importing Assets/Prefabs/Player.prefab using Guid(4df23b907d2febf45a01b69d9606697a) Importer(815301076,1909f56bfc062723c751e8b465ee728b)  -> (artifact id: 'fc51a22842bb89490748cb51a767b5aa') in 0.140859 seconds 
  Import took 0.146043 seconds .

========================================================================
Received Prepare
Registering precompiled user dll's ...
Registered in 0.002958 seconds.
Begin MonoManager ReloadAssembly
Native extension for WindowsStandalone target not found
Refreshing native plugins compatible for Editor in 0.49 ms, found 3 plugins.
Preloading 0 native plugins for Editor in 0.00 ms.
Mono: successfully reloaded assembly
- Completed reload, in  1.252 seconds
Domain Reload Profiling:
	ReloadAssembly (1252ms)
		BeginReloadAssembly (126ms)
			ExecutionOrderSort (0ms)
			DisableScriptedObjects (8ms)
			BackupInstance (0ms)
			ReleaseScriptingObjects (0ms)
			CreateAndSetChildDomain (42ms)
		EndReloadAssembly (1060ms)
			LoadAssemblies (90ms)
			RebuildTransferFunctionScriptingTraits (0ms)
			SetupTypeCache (321ms)
			ReleaseScriptCaches (1ms)
			RebuildScriptCaches (45ms)
			SetupLoadedEditorAssemblies (486ms)
				LogAssemblyErrors (0ms)
				InitializePlatformSupportModulesInManaged (6ms)
				SetLoadedEditorAssemblies (0ms)
				RefreshPlugins (1ms)
				BeforeProcessingInitializeOnLoad (87ms)
				ProcessInitializeOnLoadAttributes (378ms)
				ProcessInitializeOnLoadMethodAttributes (7ms)
				AfterProcessingInitializeOnLoad (7ms)
				EditorAssembliesLoaded (0ms)
			ExecutionOrderSort2 (0ms)
			AwakeInstancesAfterBackupRestoration (13ms)
Platform modules already initialized, skipping
Refreshing native plugins compatible for Editor in 0.50 ms, found 3 plugins.
Preloading 0 native plugins for Editor in 0.00 ms.
Unloading 2095 Unused Serialized files (Serialized files now loaded: 0)
System memory in use before: 97.2 MB.
System memory in use after: 97.4 MB.

Unloading 18 unused Assets to reduce memory usage. Loaded Objects now: 2590.
Total: 3.300600 ms (FindLiveObjects: 0.234000 ms CreateObjectMapping: 0.090800 ms MarkObjects: 2.934900 ms  DeleteObjects: 0.039200 ms)

AssetImportParameters requested are different than current active one (requested -> active):
  custom:framework-win-MediaFoundation: 216162199b28c13a410421893ffa2e32 -> 
  custom:video-decoder-ogg-theora: a1e56fd34408186e4bbccfd4996cb3dc -> 
  custom:container-muxer-webm: aa71ff27fc2769a1b78a27578f13a17b -> 
  custom:container-demuxer-webm: 4f35f7cbe854078d1ac9338744f61a02 -> 
  custom:container-demuxer-ogg: 62fdf1f143b41e24485cea50d1cbac27 -> 
  custom:video-encoder-webm-vp8: eb34c28f22e8b96e1ab97ce403110664 -> 
  custom:video-decoder-webm-vp8: 9c59270c3fd7afecdb556c50c9e8de78 -> 
  custom:audio-decoder-ogg-vorbis: bf7c407c2cedff20999df2af8eb42d56 -> 
  custom:audio-encoder-webm-vorbis: bf7c407c2cedff20999df2af8eb42d56 -> 
========================================================================
Received Import Request.
  Time since last request: 24.327570 seconds.
  path: Assets/Prefabs/Player.prefab
  artifactKey: Guid(4df23b907d2febf45a01b69d9606697a) Importer(815301076,1909f56bfc062723c751e8b465ee728b)
Start importing Assets/Prefabs/Player.prefab using Guid(4df23b907d2febf45a01b69d9606697a) Importer(815301076,1909f56bfc062723c751e8b465ee728b)  -> (artifact id: '53d30792b91cd25b8904ba89f0589029') in 0.132216 seconds 
  Import took 0.136378 seconds .

========================================================================
Received Prepare
Registering precompiled user dll's ...
Registered in 0.004012 seconds.
Begin MonoManager ReloadAssembly
Native extension for WindowsStandalone target not found
Refreshing native plugins compatible for Editor in 0.65 ms, found 3 plugins.
Preloading 0 native plugins for Editor in 0.00 ms.
Mono: successfully reloaded assembly
- Completed reload, in  1.754 seconds
Domain Reload Profiling:
	ReloadAssembly (1754ms)
		BeginReloadAssembly (152ms)
			ExecutionOrderSort (0ms)
			DisableScriptedObjects (8ms)
			BackupInstance (0ms)
			ReleaseScriptingObjects (0ms)
			CreateAndSetChildDomain (52ms)
		EndReloadAssembly (1509ms)
			LoadAssemblies (113ms)
			RebuildTransferFunctionScriptingTraits (0ms)
			SetupTypeCache (413ms)
			ReleaseScriptCaches (1ms)
			RebuildScriptCaches (57ms)
			SetupLoadedEditorAssemblies (773ms)
				LogAssemblyErrors (0ms)
				InitializePlatformSupportModulesInManaged (7ms)
				SetLoadedEditorAssemblies (1ms)
				RefreshPlugins (1ms)
				BeforeProcessingInitializeOnLoad (113ms)
				ProcessInitializeOnLoadAttributes (636ms)
				ProcessInitializeOnLoadMethodAttributes (9ms)
				AfterProcessingInitializeOnLoad (7ms)
				EditorAssembliesLoaded (0ms)
			ExecutionOrderSort2 (0ms)
			AwakeInstancesAfterBackupRestoration (15ms)
Platform modules already initialized, skipping
Refreshing native plugins compatible for Editor in 1.48 ms, found 3 plugins.
Preloading 0 native plugins for Editor in 0.00 ms.
Unloading 2095 Unused Serialized files (Serialized files now loaded: 0)
System memory in use before: 97.3 MB.
System memory in use after: 97.4 MB.

Unloading 18 unused Assets to reduce memory usage. Loaded Objects now: 2594.
Total: 4.900900 ms (FindLiveObjects: 0.333000 ms CreateObjectMapping: 0.148400 ms MarkObjects: 4.376700 ms  DeleteObjects: 0.040800 ms)

AssetImportParameters requested are different than current active one (requested -> active):
  custom:framework-win-MediaFoundation: 216162199b28c13a410421893ffa2e32 -> 
  custom:video-decoder-ogg-theora: a1e56fd34408186e4bbccfd4996cb3dc -> 
  custom:container-muxer-webm: aa71ff27fc2769a1b78a27578f13a17b -> 
  custom:container-demuxer-webm: 4f35f7cbe854078d1ac9338744f61a02 -> 
  custom:container-demuxer-ogg: 62fdf1f143b41e24485cea50d1cbac27 -> 
  custom:video-encoder-webm-vp8: eb34c28f22e8b96e1ab97ce403110664 -> 
  custom:video-decoder-webm-vp8: 9c59270c3fd7afecdb556c50c9e8de78 -> 
  custom:audio-decoder-ogg-vorbis: bf7c407c2cedff20999df2af8eb42d56 -> 
  custom:audio-encoder-webm-vorbis: bf7c407c2cedff20999df2af8eb42d56 -> 
========================================================================
Received Prepare
Registering precompiled user dll's ...
Registered in 0.003113 seconds.
Begin MonoManager ReloadAssembly
Native extension for WindowsStandalone target not found
Refreshing native plugins compatible for Editor in 0.54 ms, found 3 plugins.
Preloading 0 native plugins for Editor in 0.00 ms.
Mono: successfully reloaded assembly
- Completed reload, in  1.123 seconds
Domain Reload Profiling:
	ReloadAssembly (1124ms)
		BeginReloadAssembly (103ms)
			ExecutionOrderSort (0ms)
			DisableScriptedObjects (6ms)
			BackupInstance (0ms)
			ReleaseScriptingObjects (0ms)
			CreateAndSetChildDomain (32ms)
		EndReloadAssembly (959ms)
			LoadAssemblies (86ms)
			RebuildTransferFunctionScriptingTraits (0ms)
			SetupTypeCache (293ms)
			ReleaseScriptCaches (1ms)
			RebuildScriptCaches (44ms)
			SetupLoadedEditorAssemblies (428ms)
				LogAssemblyErrors (0ms)
				InitializePlatformSupportModulesInManaged (5ms)
				SetLoadedEditorAssemblies (0ms)
				RefreshPlugins (1ms)
				BeforeProcessingInitializeOnLoad (79ms)
				ProcessInitializeOnLoadAttributes (329ms)
				ProcessInitializeOnLoadMethodAttributes (6ms)
				AfterProcessingInitializeOnLoad (7ms)
				EditorAssembliesLoaded (0ms)
			ExecutionOrderSort2 (0ms)
			AwakeInstancesAfterBackupRestoration (13ms)
Platform modules already initialized, skipping
Refreshing native plugins compatible for Editor in 0.53 ms, found 3 plugins.
Preloading 0 native plugins for Editor in 0.00 ms.
Unloading 2095 Unused Serialized files (Serialized files now loaded: 0)
System memory in use before: 97.3 MB.
System memory in use after: 97.4 MB.

Unloading 16 unused Assets to reduce memory usage. Loaded Objects now: 2597.
Total: 3.452200 ms (FindLiveObjects: 0.228200 ms CreateObjectMapping: 0.070000 ms MarkObjects: 3.135000 ms  DeleteObjects: 0.018000 ms)

AssetImportParameters requested are different than current active one (requested -> active):
  custom:framework-win-MediaFoundation: 216162199b28c13a410421893ffa2e32 -> 
  custom:video-decoder-ogg-theora: a1e56fd34408186e4bbccfd4996cb3dc -> 
  custom:container-muxer-webm: aa71ff27fc2769a1b78a27578f13a17b -> 
  custom:container-demuxer-webm: 4f35f7cbe854078d1ac9338744f61a02 -> 
  custom:container-demuxer-ogg: 62fdf1f143b41e24485cea50d1cbac27 -> 
  custom:video-encoder-webm-vp8: eb34c28f22e8b96e1ab97ce403110664 -> 
  custom:video-decoder-webm-vp8: 9c59270c3fd7afecdb556c50c9e8de78 -> 
  custom:audio-decoder-ogg-vorbis: bf7c407c2cedff20999df2af8eb42d56 -> 
  custom:audio-encoder-webm-vorbis: bf7c407c2cedff20999df2af8eb42d56 -> 
========================================================================
Received Prepare
Registering precompiled user dll's ...
Registered in 0.002583 seconds.
Begin MonoManager ReloadAssembly
Native extension for WindowsStandalone target not found
Refreshing native plugins compatible for Editor in 0.99 ms, found 3 plugins.
Preloading 0 native plugins for Editor in 0.00 ms.
Mono: successfully reloaded assembly
- Completed reload, in  1.194 seconds
Domain Reload Profiling:
	ReloadAssembly (1195ms)
		BeginReloadAssembly (104ms)
			ExecutionOrderSort (0ms)
			DisableScriptedObjects (6ms)
			BackupInstance (0ms)
			ReleaseScriptingObjects (0ms)
			CreateAndSetChildDomain (33ms)
		EndReloadAssembly (1029ms)
			LoadAssemblies (84ms)
			RebuildTransferFunctionScriptingTraits (0ms)
			SetupTypeCache (308ms)
			ReleaseScriptCaches (2ms)
			RebuildScriptCaches (43ms)
			SetupLoadedEditorAssemblies (471ms)
				LogAssemblyErrors (0ms)
				InitializePlatformSupportModulesInManaged (10ms)
				SetLoadedEditorAssemblies (3ms)
				RefreshPlugins (1ms)
				BeforeProcessingInitializeOnLoad (90ms)
				ProcessInitializeOnLoadAttributes (356ms)
				ProcessInitializeOnLoadMethodAttributes (6ms)
				AfterProcessingInitializeOnLoad (6ms)
				EditorAssembliesLoaded (0ms)
			ExecutionOrderSort2 (0ms)
			AwakeInstancesAfterBackupRestoration (11ms)
Platform modules already initialized, skipping
Refreshing native plugins compatible for Editor in 0.49 ms, found 3 plugins.
Preloading 0 native plugins for Editor in 0.00 ms.
Unloading 2095 Unused Serialized files (Serialized files now loaded: 0)
System memory in use before: 97.3 MB.
System memory in use after: 97.4 MB.

Unloading 16 unused Assets to reduce memory usage. Loaded Objects now: 2600.
Total: 3.295700 ms (FindLiveObjects: 0.204800 ms CreateObjectMapping: 0.064800 ms MarkObjects: 2.985400 ms  DeleteObjects: 0.039600 ms)

AssetImportParameters requested are different than current active one (requested -> active):
  custom:framework-win-MediaFoundation: 216162199b28c13a410421893ffa2e32 -> 
  custom:video-decoder-ogg-theora: a1e56fd34408186e4bbccfd4996cb3dc -> 
  custom:container-muxer-webm: aa71ff27fc2769a1b78a27578f13a17b -> 
  custom:container-demuxer-webm: 4f35f7cbe854078d1ac9338744f61a02 -> 
  custom:container-demuxer-ogg: 62fdf1f143b41e24485cea50d1cbac27 -> 
  custom:video-encoder-webm-vp8: eb34c28f22e8b96e1ab97ce403110664 -> 
  custom:video-decoder-webm-vp8: 9c59270c3fd7afecdb556c50c9e8de78 -> 
  custom:audio-decoder-ogg-vorbis: bf7c407c2cedff20999df2af8eb42d56 -> 
  custom:audio-encoder-webm-vorbis: bf7c407c2cedff20999df2af8eb42d56 -> 
========================================================================
Received Prepare
Registering precompiled user dll's ...
Registered in 0.002356 seconds.
Begin MonoManager ReloadAssembly
Native extension for WindowsStandalone target not found
Refreshing native plugins compatible for Editor in 0.54 ms, found 3 plugins.
Preloading 0 native plugins for Editor in 0.00 ms.
Mono: successfully reloaded assembly
- Completed reload, in  1.217 seconds
Domain Reload Profiling:
	ReloadAssembly (1218ms)
		BeginReloadAssembly (120ms)
			ExecutionOrderSort (0ms)
			DisableScriptedObjects (6ms)
			BackupInstance (0ms)
			ReleaseScriptingObjects (0ms)
			CreateAndSetChildDomain (37ms)
		EndReloadAssembly (1030ms)
			LoadAssemblies (98ms)
			RebuildTransferFunctionScriptingTraits (0ms)
			SetupTypeCache (328ms)
			ReleaseScriptCaches (1ms)
			RebuildScriptCaches (51ms)
			SetupLoadedEditorAssemblies (424ms)
				LogAssemblyErrors (0ms)
				InitializePlatformSupportModulesInManaged (5ms)
				SetLoadedEditorAssemblies (0ms)
				RefreshPlugins (1ms)
				BeforeProcessingInitializeOnLoad (79ms)
				ProcessInitializeOnLoadAttributes (325ms)
				ProcessInitializeOnLoadMethodAttributes (7ms)
				AfterProcessingInitializeOnLoad (6ms)
				EditorAssembliesLoaded (0ms)
			ExecutionOrderSort2 (0ms)
			AwakeInstancesAfterBackupRestoration (10ms)
Platform modules already initialized, skipping
Refreshing native plugins compatible for Editor in 0.48 ms, found 3 plugins.
Preloading 0 native plugins for Editor in 0.00 ms.
Unloading 2095 Unused Serialized files (Serialized files now loaded: 0)
System memory in use before: 97.3 MB.
System memory in use after: 97.4 MB.

Unloading 16 unused Assets to reduce memory usage. Loaded Objects now: 2603.
Total: 3.575700 ms (FindLiveObjects: 0.199700 ms CreateObjectMapping: 0.067500 ms MarkObjects: 3.290600 ms  DeleteObjects: 0.016900 ms)

AssetImportParameters requested are different than current active one (requested -> active):
  custom:framework-win-MediaFoundation: 216162199b28c13a410421893ffa2e32 -> 
  custom:video-decoder-ogg-theora: a1e56fd34408186e4bbccfd4996cb3dc -> 
  custom:container-muxer-webm: aa71ff27fc2769a1b78a27578f13a17b -> 
  custom:container-demuxer-webm: 4f35f7cbe854078d1ac9338744f61a02 -> 
  custom:container-demuxer-ogg: 62fdf1f143b41e24485cea50d1cbac27 -> 
  custom:video-encoder-webm-vp8: eb34c28f22e8b96e1ab97ce403110664 -> 
  custom:video-decoder-webm-vp8: 9c59270c3fd7afecdb556c50c9e8de78 -> 
  custom:audio-decoder-ogg-vorbis: bf7c407c2cedff20999df2af8eb42d56 -> 
  custom:audio-encoder-webm-vorbis: bf7c407c2cedff20999df2af8eb42d56 -> 
========================================================================
Received Prepare
Registering precompiled user dll's ...
Registered in 0.002453 seconds.
Begin MonoManager ReloadAssembly
Native extension for WindowsStandalone target not found
Refreshing native plugins compatible for Editor in 0.54 ms, found 3 plugins.
Preloading 0 native plugins for Editor in 0.00 ms.
Mono: successfully reloaded assembly
- Completed reload, in  1.173 seconds
Domain Reload Profiling:
	ReloadAssembly (1174ms)
		BeginReloadAssembly (110ms)
			ExecutionOrderSort (0ms)
			DisableScriptedObjects (7ms)
			BackupInstance (0ms)
			ReleaseScriptingObjects (0ms)
			CreateAndSetChildDomain (34ms)
		EndReloadAssembly (1000ms)
			LoadAssemblies (93ms)
			RebuildTransferFunctionScriptingTraits (0ms)
			SetupTypeCache (302ms)
			ReleaseScriptCaches (1ms)
			RebuildScriptCaches (45ms)
			SetupLoadedEditorAssemblies (448ms)
				LogAssemblyErrors (0ms)
				InitializePlatformSupportModulesInManaged (5ms)
				SetLoadedEditorAssemblies (0ms)
				RefreshPlugins (1ms)
				BeforeProcessingInitializeOnLoad (90ms)
				ProcessInitializeOnLoadAttributes (336ms)
				ProcessInitializeOnLoadMethodAttributes (6ms)
				AfterProcessingInitializeOnLoad (9ms)
				EditorAssembliesLoaded (0ms)
			ExecutionOrderSort2 (0ms)
			AwakeInstancesAfterBackupRestoration (17ms)
Platform modules already initialized, skipping
Refreshing native plugins compatible for Editor in 0.55 ms, found 3 plugins.
Preloading 0 native plugins for Editor in 0.00 ms.
Unloading 2095 Unused Serialized files (Serialized files now loaded: 0)
System memory in use before: 97.3 MB.
System memory in use after: 97.4 MB.

Unloading 16 unused Assets to reduce memory usage. Loaded Objects now: 2606.
Total: 3.112100 ms (FindLiveObjects: 0.217400 ms CreateObjectMapping: 0.075500 ms MarkObjects: 2.798700 ms  DeleteObjects: 0.019100 ms)

AssetImportParameters requested are different than current active one (requested -> active):
  custom:framework-win-MediaFoundation: 216162199b28c13a410421893ffa2e32 -> 
  custom:video-decoder-ogg-theora: a1e56fd34408186e4bbccfd4996cb3dc -> 
  custom:container-muxer-webm: aa71ff27fc2769a1b78a27578f13a17b -> 
  custom:container-demuxer-webm: 4f35f7cbe854078d1ac9338744f61a02 -> 
  custom:container-demuxer-ogg: 62fdf1f143b41e24485cea50d1cbac27 -> 
  custom:video-encoder-webm-vp8: eb34c28f22e8b96e1ab97ce403110664 -> 
  custom:video-decoder-webm-vp8: 9c59270c3fd7afecdb556c50c9e8de78 -> 
  custom:audio-decoder-ogg-vorbis: bf7c407c2cedff20999df2af8eb42d56 -> 
  custom:audio-encoder-webm-vorbis: bf7c407c2cedff20999df2af8eb42d56 -> 
========================================================================
Received Prepare
Registering precompiled user dll's ...
Registered in 0.002651 seconds.
Begin MonoManager ReloadAssembly
Native extension for WindowsStandalone target not found
Refreshing native plugins compatible for Editor in 0.59 ms, found 3 plugins.
Preloading 0 native plugins for Editor in 0.00 ms.
Mono: successfully reloaded assembly
- Completed reload, in  1.363 seconds
Domain Reload Profiling:
	ReloadAssembly (1364ms)
		BeginReloadAssembly (139ms)
			ExecutionOrderSort (0ms)
			DisableScriptedObjects (7ms)
			BackupInstance (0ms)
			ReleaseScriptingObjects (0ms)
			CreateAndSetChildDomain (45ms)
		EndReloadAssembly (1144ms)
			LoadAssemblies (113ms)
			RebuildTransferFunctionScriptingTraits (0ms)
			SetupTypeCache (427ms)
			ReleaseScriptCaches (1ms)
			RebuildScriptCaches (53ms)
			SetupLoadedEditorAssemblies (446ms)
				LogAssemblyErrors (0ms)
				InitializePlatformSupportModulesInManaged (5ms)
				SetLoadedEditorAssemblies (1ms)
				RefreshPlugins (1ms)
				BeforeProcessingInitializeOnLoad (84ms)
				ProcessInitializeOnLoadAttributes (342ms)
				ProcessInitializeOnLoadMethodAttributes (7ms)
				AfterProcessingInitializeOnLoad (6ms)
				EditorAssembliesLoaded (0ms)
			ExecutionOrderSort2 (0ms)
			AwakeInstancesAfterBackupRestoration (10ms)
Platform modules already initialized, skipping
Refreshing native plugins compatible for Editor in 0.61 ms, found 3 plugins.
Preloading 0 native plugins for Editor in 0.00 ms.
Unloading 2095 Unused Serialized files (Serialized files now loaded: 0)
System memory in use before: 97.3 MB.
System memory in use after: 97.4 MB.

Unloading 16 unused Assets to reduce memory usage. Loaded Objects now: 2609.
Total: 3.559400 ms (FindLiveObjects: 0.234900 ms CreateObjectMapping: 0.075800 ms MarkObjects: 3.230800 ms  DeleteObjects: 0.017100 ms)

AssetImportParameters requested are different than current active one (requested -> active):
  custom:framework-win-MediaFoundation: 216162199b28c13a410421893ffa2e32 -> 
  custom:video-decoder-ogg-theora: a1e56fd34408186e4bbccfd4996cb3dc -> 
  custom:container-muxer-webm: aa71ff27fc2769a1b78a27578f13a17b -> 
  custom:container-demuxer-webm: 4f35f7cbe854078d1ac9338744f61a02 -> 
  custom:container-demuxer-ogg: 62fdf1f143b41e24485cea50d1cbac27 -> 
  custom:video-encoder-webm-vp8: eb34c28f22e8b96e1ab97ce403110664 -> 
  custom:video-decoder-webm-vp8: 9c59270c3fd7afecdb556c50c9e8de78 -> 
  custom:audio-decoder-ogg-vorbis: bf7c407c2cedff20999df2af8eb42d56 -> 
  custom:audio-encoder-webm-vorbis: bf7c407c2cedff20999df2af8eb42d56 -> 
========================================================================
Received Import Request.
  Time since last request: 213.927527 seconds.
  path: Assets/Prefabs/Player.prefab
  artifactKey: Guid(4df23b907d2febf45a01b69d9606697a) Importer(815301076,1909f56bfc062723c751e8b465ee728b)
Start importing Assets/Prefabs/Player.prefab using Guid(4df23b907d2febf45a01b69d9606697a) Importer(815301076,1909f56bfc062723c751e8b465ee728b)  -> (artifact id: '8b9f297129d9c82bfd0364cfe3d47ebd') in 0.125134 seconds 
  Import took 0.167484 seconds .

========================================================================
Received Import Request.
  Time since last request: 3.754030 seconds.
  path: Assets/Scenes/Level_1.unity
  artifactKey: Guid(0f7bf93b78a7ef144be264c99e15c68a) Importer(815301076,1909f56bfc062723c751e8b465ee728b)
Start importing Assets/Scenes/Level_1.unity using Guid(0f7bf93b78a7ef144be264c99e15c68a) Importer(815301076,1909f56bfc062723c751e8b465ee728b)  -> (artifact id: '4509e65645e4f008f885d12e32a7237b') in 0.009225 seconds 
  Import took 0.013582 seconds .

========================================================================
Received Prepare
Registering precompiled user dll's ...
Registered in 0.002534 seconds.
Begin MonoManager ReloadAssembly
Native extension for WindowsStandalone target not found
Refreshing native plugins compatible for Editor in 0.68 ms, found 3 plugins.
Preloading 0 native plugins for Editor in 0.00 ms.
Mono: successfully reloaded assembly
- Completed reload, in  1.117 seconds
Domain Reload Profiling:
	ReloadAssembly (1118ms)
		BeginReloadAssembly (109ms)
			ExecutionOrderSort (0ms)
			DisableScriptedObjects (6ms)
			BackupInstance (0ms)
			ReleaseScriptingObjects (0ms)
			CreateAndSetChildDomain (36ms)
		EndReloadAssembly (948ms)
			LoadAssemblies (87ms)
			RebuildTransferFunctionScriptingTraits (0ms)
			SetupTypeCache (299ms)
			ReleaseScriptCaches (1ms)
			RebuildScriptCaches (41ms)
			SetupLoadedEditorAssemblies (421ms)
				LogAssemblyErrors (0ms)
				InitializePlatformSupportModulesInManaged (5ms)
				SetLoadedEditorAssemblies (0ms)
				RefreshPlugins (1ms)
				BeforeProcessingInitializeOnLoad (78ms)
				ProcessInitializeOnLoadAttributes (324ms)
				ProcessInitializeOnLoadMethodAttributes (5ms)
				AfterProcessingInitializeOnLoad (7ms)
				EditorAssembliesLoaded (0ms)
			ExecutionOrderSort2 (0ms)
			AwakeInstancesAfterBackupRestoration (10ms)
Platform modules already initialized, skipping
Refreshing native plugins compatible for Editor in 0.53 ms, found 3 plugins.
Preloading 0 native plugins for Editor in 0.00 ms.
Unloading 2095 Unused Serialized files (Serialized files now loaded: 0)
System memory in use before: 97.4 MB.
System memory in use after: 97.5 MB.

Unloading 18 unused Assets to reduce memory usage. Loaded Objects now: 2613.
Total: 3.351200 ms (FindLiveObjects: 0.253200 ms CreateObjectMapping: 0.068600 ms MarkObjects: 3.001400 ms  DeleteObjects: 0.027100 ms)

AssetImportParameters requested are different than current active one (requested -> active):
  custom:framework-win-MediaFoundation: 216162199b28c13a410421893ffa2e32 -> 
  custom:video-decoder-ogg-theora: a1e56fd34408186e4bbccfd4996cb3dc -> 
  custom:container-muxer-webm: aa71ff27fc2769a1b78a27578f13a17b -> 
  custom:container-demuxer-webm: 4f35f7cbe854078d1ac9338744f61a02 -> 
  custom:container-demuxer-ogg: 62fdf1f143b41e24485cea50d1cbac27 -> 
  custom:video-encoder-webm-vp8: eb34c28f22e8b96e1ab97ce403110664 -> 
  custom:video-decoder-webm-vp8: 9c59270c3fd7afecdb556c50c9e8de78 -> 
  custom:audio-decoder-ogg-vorbis: bf7c407c2cedff20999df2af8eb42d56 -> 
  custom:audio-encoder-webm-vorbis: bf7c407c2cedff20999df2af8eb42d56 -> 
========================================================================
Received Prepare
Registering precompiled user dll's ...
Registered in 0.002496 seconds.
Begin MonoManager ReloadAssembly
Native extension for WindowsStandalone target not found
Refreshing native plugins compatible for Editor in 0.53 ms, found 3 plugins.
Preloading 0 native plugins for Editor in 0.00 ms.
Mono: successfully reloaded assembly
- Completed reload, in  1.227 seconds
Domain Reload Profiling:
	ReloadAssembly (1228ms)
		BeginReloadAssembly (125ms)
			ExecutionOrderSort (0ms)
			DisableScriptedObjects (6ms)
			BackupInstance (0ms)
			ReleaseScriptingObjects (0ms)
			CreateAndSetChildDomain (41ms)
		EndReloadAssembly (1037ms)
			LoadAssemblies (82ms)
			RebuildTransferFunctionScriptingTraits (0ms)
			SetupTypeCache (304ms)
			ReleaseScriptCaches (1ms)
			RebuildScriptCaches (48ms)
			SetupLoadedEditorAssemblies (490ms)
				LogAssemblyErrors (0ms)
				InitializePlatformSupportModulesInManaged (5ms)
				SetLoadedEditorAssemblies (0ms)
				RefreshPlugins (1ms)
				BeforeProcessingInitializeOnLoad (78ms)
				ProcessInitializeOnLoadAttributes (394ms)
				ProcessInitializeOnLoadMethodAttributes (6ms)
				AfterProcessingInitializeOnLoad (6ms)
				EditorAssembliesLoaded (0ms)
			ExecutionOrderSort2 (0ms)
			AwakeInstancesAfterBackupRestoration (11ms)
Platform modules already initialized, skipping
Refreshing native plugins compatible for Editor in 0.56 ms, found 3 plugins.
Preloading 0 native plugins for Editor in 0.00 ms.
Unloading 2095 Unused Serialized files (Serialized files now loaded: 0)
System memory in use before: 97.4 MB.
System memory in use after: 97.5 MB.

Unloading 16 unused Assets to reduce memory usage. Loaded Objects now: 2616.
Total: 3.369700 ms (FindLiveObjects: 0.295100 ms CreateObjectMapping: 0.119500 ms MarkObjects: 2.931400 ms  DeleteObjects: 0.022300 ms)

AssetImportParameters requested are different than current active one (requested -> active):
  custom:framework-win-MediaFoundation: 216162199b28c13a410421893ffa2e32 -> 
  custom:video-decoder-ogg-theora: a1e56fd34408186e4bbccfd4996cb3dc -> 
  custom:container-muxer-webm: aa71ff27fc2769a1b78a27578f13a17b -> 
  custom:container-demuxer-webm: 4f35f7cbe854078d1ac9338744f61a02 -> 
  custom:container-demuxer-ogg: 62fdf1f143b41e24485cea50d1cbac27 -> 
  custom:video-encoder-webm-vp8: eb34c28f22e8b96e1ab97ce403110664 -> 
  custom:video-decoder-webm-vp8: 9c59270c3fd7afecdb556c50c9e8de78 -> 
  custom:audio-decoder-ogg-vorbis: bf7c407c2cedff20999df2af8eb42d56 -> 
  custom:audio-encoder-webm-vorbis: bf7c407c2cedff20999df2af8eb42d56 -> 
========================================================================
Received Prepare
Registering precompiled user dll's ...
Registered in 0.002397 seconds.
Begin MonoManager ReloadAssembly
Native extension for WindowsStandalone target not found
Refreshing native plugins compatible for Editor in 0.53 ms, found 3 plugins.
Preloading 0 native plugins for Editor in 0.00 ms.
Mono: successfully reloaded assembly
- Completed reload, in  1.114 seconds
Domain Reload Profiling:
	ReloadAssembly (1114ms)
		BeginReloadAssembly (121ms)
			ExecutionOrderSort (0ms)
			DisableScriptedObjects (7ms)
			BackupInstance (0ms)
			ReleaseScriptingObjects (0ms)
			CreateAndSetChildDomain (35ms)
		EndReloadAssembly (931ms)
			LoadAssemblies (86ms)
			RebuildTransferFunctionScriptingTraits (0ms)
			SetupTypeCache (285ms)
			ReleaseScriptCaches (1ms)
			RebuildScriptCaches (43ms)
			SetupLoadedEditorAssemblies (409ms)
				LogAssemblyErrors (0ms)
				InitializePlatformSupportModulesInManaged (5ms)
				SetLoadedEditorAssemblies (0ms)
				RefreshPlugins (1ms)
				BeforeProcessingInitializeOnLoad (81ms)
				ProcessInitializeOnLoadAttributes (311ms)
				ProcessInitializeOnLoadMethodAttributes (5ms)
				AfterProcessingInitializeOnLoad (5ms)
				EditorAssembliesLoaded (0ms)
			ExecutionOrderSort2 (0ms)
			AwakeInstancesAfterBackupRestoration (10ms)
Platform modules already initialized, skipping
Refreshing native plugins compatible for Editor in 0.53 ms, found 3 plugins.
Preloading 0 native plugins for Editor in 0.00 ms.
Unloading 2095 Unused Serialized files (Serialized files now loaded: 0)
System memory in use before: 97.4 MB.
System memory in use after: 97.5 MB.

Unloading 16 unused Assets to reduce memory usage. Loaded Objects now: 2619.
Total: 3.391200 ms (FindLiveObjects: 0.280700 ms CreateObjectMapping: 0.076000 ms MarkObjects: 3.015800 ms  DeleteObjects: 0.017800 ms)

AssetImportParameters requested are different than current active one (requested -> active):
  custom:framework-win-MediaFoundation: 216162199b28c13a410421893ffa2e32 -> 
  custom:video-decoder-ogg-theora: a1e56fd34408186e4bbccfd4996cb3dc -> 
  custom:container-muxer-webm: aa71ff27fc2769a1b78a27578f13a17b -> 
  custom:container-demuxer-webm: 4f35f7cbe854078d1ac9338744f61a02 -> 
  custom:container-demuxer-ogg: 62fdf1f143b41e24485cea50d1cbac27 -> 
  custom:video-encoder-webm-vp8: eb34c28f22e8b96e1ab97ce403110664 -> 
  custom:video-decoder-webm-vp8: 9c59270c3fd7afecdb556c50c9e8de78 -> 
  custom:audio-decoder-ogg-vorbis: bf7c407c2cedff20999df2af8eb42d56 -> 
  custom:audio-encoder-webm-vorbis: bf7c407c2cedff20999df2af8eb42d56 -> 
AssetImportWorkerClient::OnTransportError - code=2 error=End of file
